2016-09-08 01:02:15.9267|Microsoft.AspNetCore.Hosting.Internal.WebHost|DEBUG|Hosting starting 
2016-09-08 01:02:16.1867|Microsoft.AspNetCore.Hosting.Internal.WebHost|DEBUG|Hosting started 
2016-09-08 01:02:16.3207|Microsoft.AspNetCore.Server.Kestrel|DEBUG|Connection id "0HKUN82S8BTI4" started. 
2016-09-08 01:02:16.3207|Microsoft.AspNetCore.Server.Kestrel|DEBUG|Connection id "0HKUN82S8BTI5" started. 
2016-09-08 01:02:16.6108|Microsoft.AspNetCore.Hosting.Internal.WebHost|INFO|Request starting HTTP/1.1 GET http://localhost:5000/api/   
2016-09-08 01:02:16.6108|Microsoft.AspNetCore.Hosting.Internal.WebHost|INFO|Request starting HTTP/1.1 DEBUG http://localhost:5000/api/  0 
2016-09-08 01:02:16.7693|Microsoft.AspNetCore.Hosting.Internal.WebHost|INFO|Request finished in 271.9313ms 200  
2016-09-08 01:02:17.0683|Microsoft.AspNetCore.Server.Kestrel|DEBUG|Connection id "0HKUN82S8BTI5" completed keep alive response. 
2016-09-08 01:02:17.3254|Microsoft.AspNetCore.Builder.RouterMiddleware|DEBUG|Request did not match any routes. 
2016-09-08 01:02:17.3364|Microsoft.AspNetCore.Hosting.Internal.WebHost|INFO|Request finished in 854.7877ms 404  
2016-09-08 01:02:17.3364|Microsoft.AspNetCore.Server.Kestrel|DEBUG|Connection id "0HKUN82S8BTI4" completed keep alive response. 
2016-09-08 01:02:17.3714|Microsoft.AspNetCore.Hosting.Internal.WebHost|INFO|Request starting HTTP/1.1 GET http://localhost:5000/favicon.ico   
2016-09-08 01:02:17.3714|Microsoft.AspNetCore.Builder.RouterMiddleware|DEBUG|Request did not match any routes. 
2016-09-08 01:02:17.3869|Microsoft.AspNetCore.Hosting.Internal.WebHost|INFO|Request finished in 15.89ms 404  
2016-09-08 01:02:17.3869|Microsoft.AspNetCore.Server.Kestrel|DEBUG|Connection id "0HKUN82S8BTI5" completed keep alive response. 
2016-09-08 01:02:58.3243|Microsoft.AspNetCore.Hosting.Internal.WebHost|DEBUG|Hosting starting 
2016-09-08 01:02:58.5848|Microsoft.AspNetCore.Hosting.Internal.WebHost|DEBUG|Hosting started 
2016-09-08 01:02:58.7443|Microsoft.AspNetCore.Server.Kestrel|DEBUG|Connection id "0HKUN838SUDH0" started. 
2016-09-08 01:02:58.7443|Microsoft.AspNetCore.Server.Kestrel|DEBUG|Connection id "0HKUN838SUDGV" started. 
2016-09-08 01:02:58.9509|Microsoft.AspNetCore.Hosting.Internal.WebHost|INFO|Request starting HTTP/1.1 GET http://localhost:5000/api/   
2016-09-08 01:02:58.9509|Microsoft.AspNetCore.Hosting.Internal.WebHost|INFO|Request starting HTTP/1.1 DEBUG http://localhost:5000/api/  0 
2016-09-08 01:02:59.0629|Microsoft.AspNetCore.Hosting.Internal.WebHost|INFO|Request finished in 154.9193ms 200  
2016-09-08 01:02:59.1874|Microsoft.AspNetCore.Server.Kestrel|DEBUG|Connection id "0HKUN838SUDH0" completed keep alive response. 
2016-09-08 01:02:59.5534|Microsoft.AspNetCore.Builder.RouterMiddleware|DEBUG|Request did not match any routes. 
2016-09-08 01:02:59.5659|Microsoft.AspNetCore.Hosting.Internal.WebHost|INFO|Request finished in 671.0951ms 404  
2016-09-08 01:02:59.5754|Microsoft.AspNetCore.Server.Kestrel|DEBUG|Connection id "0HKUN838SUDGV" completed keep alive response. 
2016-09-08 01:03:23.3486|Microsoft.AspNetCore.Hosting.Internal.WebHost|INFO|Request starting HTTP/1.1 GET http://localhost:5000/api/Student/1   
2016-09-08 01:03:23.3606|Microsoft.AspNetCore.Routing.Tree.TreeRouter|DEBUG|Request successfully matched the route with name '' and template 'api/Student/{id}'. 
2016-09-08 01:03:23.4041|Microsoft.AspNetCore.Mvc.Internal.ActionSelector|DEBUG|Action 'ApiService.Controllers.StudentController.Put (ApiService)' with id 'cf897c10-d987-4254-add5-cdf4d019147c' did not match the constraint 'Microsoft.AspNetCore.Mvc.Internal.HttpMethodActionConstraint' 
2016-09-08 01:03:23.4041|Microsoft.AspNetCore.Mvc.Internal.ActionSelector|DEBUG|Action 'ApiService.Controllers.StudentController.Delete (ApiService)' with id '7fd0c93b-e3b0-4aa0-8c12-ef5bcac62ded' did not match the constraint 'Microsoft.AspNetCore.Mvc.Internal.HttpMethodActionConstraint' 
2016-09-08 01:03:23.5071|Microsoft.AspNetCore.Mvc.Internal.ControllerActionInvoker|DEBUG|Executing action ApiService.Controllers.StudentController.Get (ApiService) 
2016-09-08 01:03:23.5792|ApiService.Filters.LogErrorFilter|INFO|在执行 controller[Student] 的 action[Get] 时产生异常,Error[Unable to resolve service for type 'Api.Interfaces.IStudentManager' while attempting to activate 'ApiService.Controllers.StudentController'.] 
2016-09-08 01:03:23.6907|Microsoft.AspNetCore.Server.Kestrel|ERROR|Connection id "0HKUN838SUDH0": An unhandled exception was thrown by the application. Unable to resolve service for type 'Api.Interfaces.IStudentManager' while attempting to activate 'ApiService.Controllers.StudentController'.
2016-09-08 01:03:23.7007|Microsoft.AspNetCore.Hosting.Internal.WebHost|INFO|Request finished in 351.7433ms 200  
2016-09-08 01:03:23.7007|Microsoft.AspNetCore.Server.Kestrel|DEBUG|Connection id "0HKUN838SUDH0" completed keep alive response. 
2016-09-08 01:03:29.0802|Microsoft.AspNetCore.Hosting.Internal.WebHost|INFO|Request starting HTTP/1.1 GET http://localhost:5000/api/Student/1   
2016-09-08 01:03:29.0882|Microsoft.AspNetCore.Routing.Tree.TreeRouter|DEBUG|Request successfully matched the route with name '' and template 'api/Student/{id}'. 
2016-09-08 01:03:29.0882|Microsoft.AspNetCore.Mvc.Internal.ActionSelector|DEBUG|Action 'ApiService.Controllers.StudentController.Put (ApiService)' with id 'cf897c10-d987-4254-add5-cdf4d019147c' did not match the constraint 'Microsoft.AspNetCore.Mvc.Internal.HttpMethodActionConstraint' 
2016-09-08 01:03:29.0882|Microsoft.AspNetCore.Mvc.Internal.ActionSelector|DEBUG|Action 'ApiService.Controllers.StudentController.Delete (ApiService)' with id '7fd0c93b-e3b0-4aa0-8c12-ef5bcac62ded' did not match the constraint 'Microsoft.AspNetCore.Mvc.Internal.HttpMethodActionConstraint' 
2016-09-08 01:03:29.1047|Microsoft.AspNetCore.Mvc.Internal.ControllerActionInvoker|DEBUG|Executing action ApiService.Controllers.StudentController.Get (ApiService) 
2016-09-08 01:03:29.1047|ApiService.Filters.LogErrorFilter|INFO|在执行 controller[Student] 的 action[Get] 时产生异常,Error[Unable to resolve service for type 'Api.Interfaces.IStudentManager' while attempting to activate 'ApiService.Controllers.StudentController'.] 
2016-09-08 01:03:29.1352|Microsoft.AspNetCore.Server.Kestrel|ERROR|Connection id "0HKUN838SUDGV": An unhandled exception was thrown by the application. Unable to resolve service for type 'Api.Interfaces.IStudentManager' while attempting to activate 'ApiService.Controllers.StudentController'.
2016-09-08 01:03:29.1352|Microsoft.AspNetCore.Hosting.Internal.WebHost|INFO|Request finished in 63.6767ms 200  
2016-09-08 01:03:29.1352|Microsoft.AspNetCore.Server.Kestrel|DEBUG|Connection id "0HKUN838SUDGV" completed keep alive response. 
2016-09-08 01:04:15.0619|Microsoft.AspNetCore.Hosting.Internal.WebHost|INFO|Request starting HTTP/1.1 GET http://localhost:5000/api/Student/1   
2016-09-08 01:04:15.0619|Microsoft.AspNetCore.Routing.Tree.TreeRouter|DEBUG|Request successfully matched the route with name '' and template 'api/Student/{id}'. 
2016-09-08 01:04:15.0724|Microsoft.AspNetCore.Mvc.Internal.ActionSelector|DEBUG|Action 'ApiService.Controllers.StudentController.Put (ApiService)' with id 'cf897c10-d987-4254-add5-cdf4d019147c' did not match the constraint 'Microsoft.AspNetCore.Mvc.Internal.HttpMethodActionConstraint' 
2016-09-08 01:04:15.0724|Microsoft.AspNetCore.Mvc.Internal.ActionSelector|DEBUG|Action 'ApiService.Controllers.StudentController.Delete (ApiService)' with id '7fd0c93b-e3b0-4aa0-8c12-ef5bcac62ded' did not match the constraint 'Microsoft.AspNetCore.Mvc.Internal.HttpMethodActionConstraint' 
2016-09-08 01:04:15.0724|Microsoft.AspNetCore.Mvc.Internal.ControllerActionInvoker|DEBUG|Executing action ApiService.Controllers.StudentController.Get (ApiService) 
2016-09-08 01:04:44.9057|ApiService.Filters.LogErrorFilter|INFO|在执行 controller[Student] 的 action[Get] 时产生异常,Error[Unable to resolve service for type 'Api.Interfaces.IStudentManager' while attempting to activate 'ApiService.Controllers.StudentController'.] 
2016-09-08 01:04:44.9357|Microsoft.AspNetCore.Server.Kestrel|ERROR|Connection id "0HKUN838SUDH0": An unhandled exception was thrown by the application. Unable to resolve service for type 'Api.Interfaces.IStudentManager' while attempting to activate 'ApiService.Controllers.StudentController'.
2016-09-08 01:04:44.9357|Microsoft.AspNetCore.Hosting.Internal.WebHost|INFO|Request finished in 29884.3691ms 200  
2016-09-08 01:04:44.9502|Microsoft.AspNetCore.Server.Kestrel|DEBUG|Connection id "0HKUN838SUDH0" completed keep alive response. 
2016-09-08 01:04:48.7107|Microsoft.AspNetCore.Server.Kestrel|DEBUG|Connection id "0HKUN838SUDGV" received FIN. 
2016-09-08 01:04:48.7162|Microsoft.AspNetCore.Server.Kestrel|DEBUG|Connection id "0HKUN838SUDGV" disconnecting. 
2016-09-08 01:04:48.7162|Microsoft.AspNetCore.Server.Kestrel|DEBUG|Connection id "0HKUN838SUDGV" sending FIN. 
2016-09-08 01:04:48.7307|Microsoft.AspNetCore.Server.Kestrel|DEBUG|Connection id "0HKUN838SUDGV" sent FIN with status "0". 
2016-09-08 01:04:48.7307|Microsoft.AspNetCore.Server.Kestrel|DEBUG|Connection id "0HKUN838SUDGV" stopped. 
2016-09-08 01:07:30.6034|Microsoft.AspNetCore.Hosting.Internal.WebHost|DEBUG|Hosting starting 
2016-09-08 01:07:30.8595|Microsoft.AspNetCore.Hosting.Internal.WebHost|DEBUG|Hosting started 
2016-09-08 01:07:30.9795|Microsoft.AspNetCore.Server.Kestrel|DEBUG|Connection id "0HKUN85Q1650V" started. 
2016-09-08 01:07:30.9795|Microsoft.AspNetCore.Server.Kestrel|DEBUG|Connection id "0HKUN85Q16510" started. 
2016-09-08 01:07:31.1885|Microsoft.AspNetCore.Hosting.Internal.WebHost|INFO|Request starting HTTP/1.1 GET http://localhost:5000/api/   
2016-09-08 01:07:31.1885|Microsoft.AspNetCore.Hosting.Internal.WebHost|INFO|Request starting HTTP/1.1 DEBUG http://localhost:5000/api/  0 
2016-09-08 01:07:31.3035|Microsoft.AspNetCore.Hosting.Internal.WebHost|INFO|Request finished in 153.959ms 200  
2016-09-08 01:07:31.4350|Microsoft.AspNetCore.Server.Kestrel|DEBUG|Connection id "0HKUN85Q1650V" completed keep alive response. 
2016-09-08 01:07:31.7276|Microsoft.AspNetCore.Builder.RouterMiddleware|DEBUG|Request did not match any routes. 
2016-09-08 01:07:31.7276|Microsoft.AspNetCore.Hosting.Internal.WebHost|INFO|Request finished in 604.0717ms 404  
2016-09-08 01:07:31.7426|Microsoft.AspNetCore.Server.Kestrel|DEBUG|Connection id "0HKUN85Q16510" completed keep alive response. 
2016-09-08 01:07:46.3075|Microsoft.AspNetCore.Hosting.Internal.WebHost|INFO|Request starting HTTP/1.1 GET http://localhost:5000/api/Student/1   
2016-09-08 01:07:46.3205|Microsoft.AspNetCore.Routing.Tree.TreeRouter|DEBUG|Request successfully matched the route with name '' and template 'api/Student/{id}'. 
2016-09-08 01:07:46.3610|Microsoft.AspNetCore.Mvc.Internal.ActionSelector|DEBUG|Action 'ApiService.Controllers.StudentController.Put (ApiService)' with id '4ea28172-4e42-4ca0-b62c-d6a1fc353fb0' did not match the constraint 'Microsoft.AspNetCore.Mvc.Internal.HttpMethodActionConstraint' 
2016-09-08 01:07:46.3610|Microsoft.AspNetCore.Mvc.Internal.ActionSelector|DEBUG|Action 'ApiService.Controllers.StudentController.Delete (ApiService)' with id '4a36fda5-7e98-446d-8402-d41168f23f35' did not match the constraint 'Microsoft.AspNetCore.Mvc.Internal.HttpMethodActionConstraint' 
2016-09-08 01:07:46.4551|Microsoft.AspNetCore.Mvc.Internal.ControllerActionInvoker|DEBUG|Executing action ApiService.Controllers.StudentController.Get (ApiService) 
2016-09-08 01:07:56.7641|ApiService.Filters.LogErrorFilter|INFO|在执行 controller[Student] 的 action[Get] 时产生异常,Error[Unable to resolve service for type 'Api.Interfaces.IStudentManager' while attempting to activate 'ApiService.Controllers.StudentController'.] 
2016-09-08 01:07:58.7284|Microsoft.AspNetCore.Server.Kestrel|ERROR|Connection id "0HKUN85Q1650V": An unhandled exception was thrown by the application. Unable to resolve service for type 'Api.Interfaces.IStudentManager' while attempting to activate 'ApiService.Controllers.StudentController'.
2016-09-08 01:07:58.7284|Microsoft.AspNetCore.Hosting.Internal.WebHost|INFO|Request finished in 12432.5533ms 200  
2016-09-08 01:07:58.7459|Microsoft.AspNetCore.Server.Kestrel|DEBUG|Connection id "0HKUN85Q1650V" completed keep alive response. 
2016-09-08 01:10:03.3748|Microsoft.AspNetCore.Hosting.Internal.WebHost|DEBUG|Hosting starting 
2016-09-08 01:10:03.6363|Microsoft.AspNetCore.Hosting.Internal.WebHost|DEBUG|Hosting started 
2016-09-08 01:10:03.6723|Microsoft.AspNetCore.Server.Kestrel|DEBUG|Connection id "0HKUN877HCEL7" started. 
2016-09-08 01:10:03.6723|Microsoft.AspNetCore.Server.Kestrel|DEBUG|Connection id "0HKUN877HCEL6" started. 
2016-09-08 01:10:03.9253|Microsoft.AspNetCore.Hosting.Internal.WebHost|INFO|Request starting HTTP/1.1 GET http://localhost:5000/api/   
2016-09-08 01:10:03.9253|Microsoft.AspNetCore.Hosting.Internal.WebHost|INFO|Request starting HTTP/1.1 DEBUG http://localhost:5000/api/  0 
2016-09-08 01:10:04.0508|Microsoft.AspNetCore.Hosting.Internal.WebHost|INFO|Request finished in 175.8468ms 200  
2016-09-08 01:10:04.1889|Microsoft.AspNetCore.Server.Kestrel|DEBUG|Connection id "0HKUN877HCEL7" completed keep alive response. 
2016-09-08 01:10:04.5154|Microsoft.AspNetCore.Builder.RouterMiddleware|DEBUG|Request did not match any routes. 
2016-09-08 01:10:04.5259|Microsoft.AspNetCore.Hosting.Internal.WebHost|INFO|Request finished in 666.7044ms 404  
2016-09-08 01:10:04.5259|Microsoft.AspNetCore.Server.Kestrel|DEBUG|Connection id "0HKUN877HCEL6" completed keep alive response. 
2016-09-08 01:10:07.3204|Microsoft.AspNetCore.Hosting.Internal.WebHost|INFO|Request starting HTTP/1.1 GET http://localhost:5000/api/Student/1   
2016-09-08 01:10:07.3204|Microsoft.AspNetCore.Routing.Tree.TreeRouter|DEBUG|Request successfully matched the route with name '' and template 'api/Student/{id}'. 
2016-09-08 01:10:07.3754|Microsoft.AspNetCore.Mvc.Internal.ActionSelector|DEBUG|Action 'ApiService.Controllers.StudentController.Put (ApiService)' with id '953dd5d5-cb9e-4628-9b0d-d999ae371902' did not match the constraint 'Microsoft.AspNetCore.Mvc.Internal.HttpMethodActionConstraint' 
2016-09-08 01:10:07.3754|Microsoft.AspNetCore.Mvc.Internal.ActionSelector|DEBUG|Action 'ApiService.Controllers.StudentController.Delete (ApiService)' with id '493446a4-9487-481a-8957-462af544d365' did not match the constraint 'Microsoft.AspNetCore.Mvc.Internal.HttpMethodActionConstraint' 
2016-09-08 01:10:07.4729|Microsoft.AspNetCore.Mvc.Internal.ControllerActionInvoker|DEBUG|Executing action ApiService.Controllers.StudentController.Get (ApiService) 
2016-09-08 01:10:11.1124|Microsoft.AspNetCore.Mvc.Internal.ControllerActionInvoker|INFO|Executing action method ApiService.Controllers.StudentController.Get (ApiService) with arguments (1) - ModelState is Valid 
2016-09-08 01:10:22.5787|ApiService.Filters.LogErrorFilter|INFO|在执行 controller[Student] 的 action[Get] 时产生异常,Error[The method or operation is not implemented.] 
2016-09-08 01:10:22.6277|Microsoft.AspNetCore.Server.Kestrel|ERROR|Connection id "0HKUN877HCEL7": An unhandled exception was thrown by the application. The method or operation is not implemented.
2016-09-08 01:10:22.6402|Microsoft.AspNetCore.Hosting.Internal.WebHost|INFO|Request finished in 15318.7826ms 200  
2016-09-08 01:10:22.6402|Microsoft.AspNetCore.Server.Kestrel|DEBUG|Connection id "0HKUN877HCEL7" completed keep alive response. 
2016-09-08 01:46:55.4921|Microsoft.AspNetCore.Hosting.Internal.WebHost|DEBUG|Hosting starting 
2016-09-08 01:46:55.7461|Microsoft.AspNetCore.Hosting.Internal.WebHost|DEBUG|Hosting started 
2016-09-08 01:46:55.8281|Microsoft.AspNetCore.Server.Kestrel|DEBUG|Connection id "0HKUN8RQQ4CDG" started. 
2016-09-08 01:46:55.8281|Microsoft.AspNetCore.Server.Kestrel|DEBUG|Connection id "0HKUN8RQQ4CDF" started. 
2016-09-08 01:46:56.0552|Microsoft.AspNetCore.Hosting.Internal.WebHost|INFO|Request starting HTTP/1.1 GET http://localhost:5000/api/   
2016-09-08 01:46:56.0552|Microsoft.AspNetCore.Hosting.Internal.WebHost|INFO|Request starting HTTP/1.1 DEBUG http://localhost:5000/api/  0 
2016-09-08 01:46:56.1732|Microsoft.AspNetCore.Hosting.Internal.WebHost|INFO|Request finished in 170.9066ms 200  
2016-09-08 01:46:56.3102|Microsoft.AspNetCore.Server.Kestrel|DEBUG|Connection id "0HKUN8RQQ4CDF" completed keep alive response. 
2016-09-08 01:46:56.6152|Microsoft.AspNetCore.Builder.RouterMiddleware|DEBUG|Request did not match any routes. 
2016-09-08 01:46:56.6262|Microsoft.AspNetCore.Hosting.Internal.WebHost|INFO|Request finished in 642.0617ms 404  
2016-09-08 01:46:56.6262|Microsoft.AspNetCore.Server.Kestrel|DEBUG|Connection id "0HKUN8RQQ4CDG" completed keep alive response. 
2016-09-08 01:47:03.1626|Microsoft.AspNetCore.Hosting.Internal.WebHost|INFO|Request starting HTTP/1.1 GET http://localhost:5000/api/Student/1   
2016-09-08 01:47:03.1771|Microsoft.AspNetCore.Routing.Tree.TreeRouter|DEBUG|Request successfully matched the route with name '' and template 'api/Student/{id}'. 
2016-09-08 01:47:03.2191|Microsoft.AspNetCore.Mvc.Internal.ActionSelector|DEBUG|Action 'ApiService.Controllers.StudentController.Put (ApiService)' with id '470a0e25-ecd6-4907-b884-11832d5f4e6f' did not match the constraint 'Microsoft.AspNetCore.Mvc.Internal.HttpMethodActionConstraint' 
2016-09-08 01:47:03.2191|Microsoft.AspNetCore.Mvc.Internal.ActionSelector|DEBUG|Action 'ApiService.Controllers.StudentController.Delete (ApiService)' with id '0962dd7d-063c-4d11-868b-b6e069adac1a' did not match the constraint 'Microsoft.AspNetCore.Mvc.Internal.HttpMethodActionConstraint' 
2016-09-08 01:47:03.3101|Microsoft.AspNetCore.Mvc.Internal.ControllerActionInvoker|DEBUG|Executing action ApiService.Controllers.StudentController.Get (ApiService) 
2016-09-08 01:47:15.2211|ApiService.Filters.LogErrorFilter|INFO|在执行 controller[Student] 的 action[Get] 时产生异常,Error[Unable to resolve service for type 'Api.Interfaces.IStudentManager' while attempting to activate 'ApiService.Controllers.StudentController'.] 
2016-09-08 01:47:15.3381|Microsoft.AspNetCore.Server.Kestrel|ERROR|Connection id "0HKUN8RQQ4CDF": An unhandled exception was thrown by the application. Unable to resolve service for type 'Api.Interfaces.IStudentManager' while attempting to activate 'ApiService.Controllers.StudentController'.
2016-09-08 01:47:15.3381|Microsoft.AspNetCore.Hosting.Internal.WebHost|INFO|Request finished in 12186.9919ms 200  
2016-09-08 01:47:15.3541|Microsoft.AspNetCore.Server.Kestrel|DEBUG|Connection id "0HKUN8RQQ4CDF" completed keep alive response. 
2016-09-08 01:58:51.1355|Microsoft.AspNetCore.Hosting.Internal.WebHost|DEBUG|Hosting starting 
2016-09-08 01:58:51.3801|Microsoft.AspNetCore.Hosting.Internal.WebHost|DEBUG|Hosting started 
2016-09-08 01:58:51.4041|Microsoft.AspNetCore.Server.Kestrel|DEBUG|Connection id "0HKUN92G2CLKN" started. 
2016-09-08 01:58:51.4041|Microsoft.AspNetCore.Server.Kestrel|DEBUG|Connection id "0HKUN92G2CLKM" started. 
2016-09-08 01:58:51.6661|Microsoft.AspNetCore.Hosting.Internal.WebHost|INFO|Request starting HTTP/1.1 DEBUG http://localhost:5000/api/  0 
2016-09-08 01:58:51.6661|Microsoft.AspNetCore.Hosting.Internal.WebHost|INFO|Request starting HTTP/1.1 GET http://localhost:5000/api/   
2016-09-08 01:58:51.7876|Microsoft.AspNetCore.Hosting.Internal.WebHost|INFO|Request finished in 183.6645ms 200  
2016-09-08 01:58:51.8976|Microsoft.AspNetCore.Server.Kestrel|DEBUG|Connection id "0HKUN92G2CLKM" completed keep alive response. 
2016-09-08 01:58:52.2097|Microsoft.AspNetCore.Builder.RouterMiddleware|DEBUG|Request did not match any routes. 
2016-09-08 01:58:52.2217|Microsoft.AspNetCore.Hosting.Internal.WebHost|INFO|Request finished in 631.3005ms 404  
2016-09-08 01:58:52.2292|Microsoft.AspNetCore.Server.Kestrel|DEBUG|Connection id "0HKUN92G2CLKN" completed keep alive response. 
2016-09-08 01:58:56.3567|Microsoft.AspNetCore.Hosting.Internal.WebHost|INFO|Request starting HTTP/1.1 GET http://localhost:5000/api/Student/1   
2016-09-08 01:58:56.3692|Microsoft.AspNetCore.Routing.Tree.TreeRouter|DEBUG|Request successfully matched the route with name '' and template 'api/Student/{id}'. 
2016-09-08 01:58:56.4102|Microsoft.AspNetCore.Mvc.Internal.ActionSelector|DEBUG|Action 'ApiService.Controllers.StudentController.Put (ApiService)' with id '78a6267b-f7c4-4393-8933-a0d96b03b3d0' did not match the constraint 'Microsoft.AspNetCore.Mvc.Internal.HttpMethodActionConstraint' 
2016-09-08 01:58:56.4167|Microsoft.AspNetCore.Mvc.Internal.ActionSelector|DEBUG|Action 'ApiService.Controllers.StudentController.Delete (ApiService)' with id '251978c9-0d91-460e-ae26-5e04b08c3506' did not match the constraint 'Microsoft.AspNetCore.Mvc.Internal.HttpMethodActionConstraint' 
2016-09-08 01:58:56.5083|Microsoft.AspNetCore.Mvc.Internal.ControllerActionInvoker|DEBUG|Executing action ApiService.Controllers.StudentController.Get (ApiService) 
2016-09-08 02:00:16.5404|Microsoft.AspNetCore.Hosting.Internal.WebHost|DEBUG|Hosting starting 
2016-09-08 02:00:16.7753|Microsoft.AspNetCore.Hosting.Internal.WebHost|DEBUG|Hosting started 
2016-09-08 02:00:16.9053|Microsoft.AspNetCore.Server.Kestrel|DEBUG|Connection id "0HKUN939HPNS5" started. 
2016-09-08 02:00:16.9053|Microsoft.AspNetCore.Server.Kestrel|DEBUG|Connection id "0HKUN939HPNS4" started. 
2016-09-08 02:00:17.1409|Microsoft.AspNetCore.Hosting.Internal.WebHost|INFO|Request starting HTTP/1.1 GET http://localhost:5000/api/   
2016-09-08 02:00:17.1409|Microsoft.AspNetCore.Hosting.Internal.WebHost|INFO|Request starting HTTP/1.1 DEBUG http://localhost:5000/api/  0 
2016-09-08 02:00:17.2549|Microsoft.AspNetCore.Hosting.Internal.WebHost|INFO|Request finished in 168.0269ms 200  
2016-09-08 02:00:17.3754|Microsoft.AspNetCore.Server.Kestrel|DEBUG|Connection id "0HKUN939HPNS4" completed keep alive response. 
2016-09-08 02:00:17.6720|Microsoft.AspNetCore.Builder.RouterMiddleware|DEBUG|Request did not match any routes. 
2016-09-08 02:00:17.6849|Microsoft.AspNetCore.Hosting.Internal.WebHost|INFO|Request finished in 616.5652ms 404  
2016-09-08 02:00:17.6849|Microsoft.AspNetCore.Server.Kestrel|DEBUG|Connection id "0HKUN939HPNS5" completed keep alive response. 
2016-09-08 02:00:22.0279|Microsoft.AspNetCore.Hosting.Internal.WebHost|INFO|Request starting HTTP/1.1 GET http://localhost:5000/api/Student/1   
2016-09-08 02:00:22.0409|Microsoft.AspNetCore.Routing.Tree.TreeRouter|DEBUG|Request successfully matched the route with name '' and template 'api/Student/{id}'. 
2016-09-08 02:00:22.0864|Microsoft.AspNetCore.Mvc.Internal.ActionSelector|DEBUG|Action 'ApiService.Controllers.StudentController.Put (ApiService)' with id 'c3b9ad5f-fc22-4700-ac4d-7b078015ce6e' did not match the constraint 'Microsoft.AspNetCore.Mvc.Internal.HttpMethodActionConstraint' 
2016-09-08 02:00:22.0864|Microsoft.AspNetCore.Mvc.Internal.ActionSelector|DEBUG|Action 'ApiService.Controllers.StudentController.Delete (ApiService)' with id '66ef8917-8e5d-4ffe-a1b7-5bd48fdc1a3e' did not match the constraint 'Microsoft.AspNetCore.Mvc.Internal.HttpMethodActionConstraint' 
2016-09-08 02:00:22.1869|Microsoft.AspNetCore.Mvc.Internal.ControllerActionInvoker|DEBUG|Executing action ApiService.Controllers.StudentController.Get (ApiService) 
2016-09-08 02:02:22.1401|Microsoft.AspNetCore.Hosting.Internal.WebHost|DEBUG|Hosting starting 
2016-09-08 02:02:22.3976|Microsoft.AspNetCore.Hosting.Internal.WebHost|DEBUG|Hosting started 
2016-09-08 02:02:22.6461|Microsoft.AspNetCore.Server.Kestrel|DEBUG|Connection id "0HKUN94F0VHMA" started. 
2016-09-08 02:02:22.6461|Microsoft.AspNetCore.Server.Kestrel|DEBUG|Connection id "0HKUN94F0VHM9" started. 
2016-09-08 02:02:22.8847|Microsoft.AspNetCore.Hosting.Internal.WebHost|INFO|Request starting HTTP/1.1 DEBUG http://localhost:5000/api/  0 
2016-09-08 02:02:22.8847|Microsoft.AspNetCore.Hosting.Internal.WebHost|INFO|Request starting HTTP/1.1 GET http://localhost:5000/api/   
2016-09-08 02:02:23.0022|Microsoft.AspNetCore.Hosting.Internal.WebHost|INFO|Request finished in 185.7165ms 200  
2016-09-08 02:02:23.1277|Microsoft.AspNetCore.Server.Kestrel|DEBUG|Connection id "0HKUN94F0VHM9" completed keep alive response. 
2016-09-08 02:02:23.4367|Microsoft.AspNetCore.Builder.RouterMiddleware|DEBUG|Request did not match any routes. 
2016-09-08 02:02:23.4472|Microsoft.AspNetCore.Hosting.Internal.WebHost|INFO|Request finished in 643.7571ms 404  
2016-09-08 02:02:23.4472|Microsoft.AspNetCore.Server.Kestrel|DEBUG|Connection id "0HKUN94F0VHMA" completed keep alive response. 
2016-09-08 02:02:30.6362|Microsoft.AspNetCore.Hosting.Internal.WebHost|INFO|Request starting HTTP/1.1 GET http://localhost:5000/api/Student/1   
2016-09-08 02:02:30.6362|Microsoft.AspNetCore.Routing.Tree.TreeRouter|DEBUG|Request successfully matched the route with name '' and template 'api/Student/{id}'. 
2016-09-08 02:02:30.6877|Microsoft.AspNetCore.Mvc.Internal.ActionSelector|DEBUG|Action 'ApiService.Controllers.StudentController.Put (ApiService)' with id 'b251f7a2-87cc-4feb-b597-5570c40b703f' did not match the constraint 'Microsoft.AspNetCore.Mvc.Internal.HttpMethodActionConstraint' 
2016-09-08 02:02:30.6877|Microsoft.AspNetCore.Mvc.Internal.ActionSelector|DEBUG|Action 'ApiService.Controllers.StudentController.Delete (ApiService)' with id '6ba5ab32-ba9a-4815-8075-f003f5e0284d' did not match the constraint 'Microsoft.AspNetCore.Mvc.Internal.HttpMethodActionConstraint' 
2016-09-08 02:02:30.7792|Microsoft.AspNetCore.Mvc.Internal.ControllerActionInvoker|DEBUG|Executing action ApiService.Controllers.StudentController.Get (ApiService) 
2016-09-08 02:02:33.8652|Microsoft.AspNetCore.Mvc.Internal.ControllerActionInvoker|INFO|Executing action method ApiService.Controllers.StudentController.Get (ApiService) with arguments (1) - ModelState is Valid 
2016-09-08 02:03:22.7601|Microsoft.AspNetCore.Hosting.Internal.WebHost|DEBUG|Hosting starting 
2016-09-08 02:03:23.0121|Microsoft.AspNetCore.Hosting.Internal.WebHost|DEBUG|Hosting started 
2016-09-08 02:03:23.1611|Microsoft.AspNetCore.Server.Kestrel|DEBUG|Connection id "0HKUN95122UHS" started. 
2016-09-08 02:03:23.1611|Microsoft.AspNetCore.Server.Kestrel|DEBUG|Connection id "0HKUN95122UHT" started. 
2016-09-08 02:03:23.3701|Microsoft.AspNetCore.Hosting.Internal.WebHost|INFO|Request starting HTTP/1.1 DEBUG http://localhost:5000/api/  0 
2016-09-08 02:03:23.3701|Microsoft.AspNetCore.Hosting.Internal.WebHost|INFO|Request starting HTTP/1.1 GET http://localhost:5000/api/   
2016-09-08 02:03:23.4957|Microsoft.AspNetCore.Hosting.Internal.WebHost|INFO|Request finished in 163.8687ms 200  
2016-09-08 02:03:23.6157|Microsoft.AspNetCore.Server.Kestrel|DEBUG|Connection id "0HKUN95122UHS" completed keep alive response. 
2016-09-08 02:03:23.9382|Microsoft.AspNetCore.Builder.RouterMiddleware|DEBUG|Request did not match any routes. 
2016-09-08 02:03:23.9482|Microsoft.AspNetCore.Hosting.Internal.WebHost|INFO|Request finished in 632.1164ms 404  
2016-09-08 02:03:23.9482|Microsoft.AspNetCore.Server.Kestrel|DEBUG|Connection id "0HKUN95122UHT" completed keep alive response. 
2016-09-08 02:19:12.4661|Microsoft.AspNetCore.Hosting.Internal.WebHost|DEBUG|Hosting starting 
2016-09-08 02:19:12.7261|Microsoft.AspNetCore.Hosting.Internal.WebHost|DEBUG|Hosting started 
2016-09-08 02:19:12.8251|Microsoft.AspNetCore.Server.Kestrel|DEBUG|Connection id "0HKUN9DS2OPHU" started. 
2016-09-08 02:19:12.8251|Microsoft.AspNetCore.Server.Kestrel|DEBUG|Connection id "0HKUN9DS2OPHT" started. 
2016-09-08 02:19:13.0331|Microsoft.AspNetCore.Hosting.Internal.WebHost|INFO|Request starting HTTP/1.1 GET http://localhost:5000/api/   
2016-09-08 02:19:13.0331|Microsoft.AspNetCore.Hosting.Internal.WebHost|INFO|Request starting HTTP/1.1 DEBUG http://localhost:5000/api/  0 
2016-09-08 02:19:13.1512|Microsoft.AspNetCore.Hosting.Internal.WebHost|INFO|Request finished in 161.4247ms 200  
2016-09-08 02:19:13.2802|Microsoft.AspNetCore.Server.Kestrel|DEBUG|Connection id "0HKUN9DS2OPHU" completed keep alive response. 
2016-09-08 02:19:13.5957|Microsoft.AspNetCore.Builder.RouterMiddleware|DEBUG|Request did not match any routes. 
2016-09-08 02:19:13.6047|Microsoft.AspNetCore.Hosting.Internal.WebHost|INFO|Request finished in 629.2366ms 404  
2016-09-08 02:19:13.6047|Microsoft.AspNetCore.Server.Kestrel|DEBUG|Connection id "0HKUN9DS2OPHT" completed keep alive response. 
2016-09-08 02:19:36.5581|Microsoft.AspNetCore.Hosting.Internal.WebHost|INFO|Request starting HTTP/1.1 GET http://localhost:5000/api/Student/1   
2016-09-08 02:19:36.5707|Microsoft.AspNetCore.Routing.Tree.TreeRouter|DEBUG|Request successfully matched the route with name '' and template 'api/Student/{id}'. 
2016-09-08 02:19:36.6122|Microsoft.AspNetCore.Mvc.Internal.ActionSelector|DEBUG|Action 'ApiService.Controllers.StudentController.Put (ApiService)' with id '32cdf67a-4ab7-4647-b94f-6378cd4573c4' did not match the constraint 'Microsoft.AspNetCore.Mvc.Internal.HttpMethodActionConstraint' 
2016-09-08 02:19:36.6122|Microsoft.AspNetCore.Mvc.Internal.ActionSelector|DEBUG|Action 'ApiService.Controllers.StudentController.Delete (ApiService)' with id '465d04be-3569-4853-8d17-515161a88eb6' did not match the constraint 'Microsoft.AspNetCore.Mvc.Internal.HttpMethodActionConstraint' 
2016-09-08 02:19:36.7022|Microsoft.AspNetCore.Mvc.Internal.ControllerActionInvoker|DEBUG|Executing action ApiService.Controllers.StudentController.Get (ApiService) 
2016-09-08 02:21:30.9173|Microsoft.AspNetCore.Hosting.Internal.WebHost|DEBUG|Hosting starting 
2016-09-08 02:21:31.1709|Microsoft.AspNetCore.Hosting.Internal.WebHost|DEBUG|Hosting started 
2016-09-08 02:21:31.2444|Microsoft.AspNetCore.Server.Kestrel|DEBUG|Connection id "0HKUN9F5AR9T9" started. 
2016-09-08 02:21:31.2444|Microsoft.AspNetCore.Server.Kestrel|DEBUG|Connection id "0HKUN9F5AR9TA" started. 
2016-09-08 02:21:31.5029|Microsoft.AspNetCore.Hosting.Internal.WebHost|INFO|Request starting HTTP/1.1 GET http://localhost:5000/api/   
2016-09-08 02:21:31.5029|Microsoft.AspNetCore.Hosting.Internal.WebHost|INFO|Request starting HTTP/1.1 DEBUG http://localhost:5000/api/  0 
2016-09-08 02:21:31.6484|Microsoft.AspNetCore.Hosting.Internal.WebHost|INFO|Request finished in 222.2175ms 200  
2016-09-08 02:21:31.7869|Microsoft.AspNetCore.Server.Kestrel|DEBUG|Connection id "0HKUN9F5AR9TA" completed keep alive response. 
2016-09-08 02:21:32.0790|Microsoft.AspNetCore.Builder.RouterMiddleware|DEBUG|Request did not match any routes. 
2016-09-08 02:21:32.0880|Microsoft.AspNetCore.Hosting.Internal.WebHost|INFO|Request finished in 676.8596ms 404  
2016-09-08 02:21:32.0880|Microsoft.AspNetCore.Server.Kestrel|DEBUG|Connection id "0HKUN9F5AR9T9" completed keep alive response. 
2016-09-08 02:21:35.5969|Microsoft.AspNetCore.Hosting.Internal.WebHost|INFO|Request starting HTTP/1.1 GET http://localhost:5000/api/Student/1   
2016-09-08 02:21:35.6149|Microsoft.AspNetCore.Routing.Tree.TreeRouter|DEBUG|Request successfully matched the route with name '' and template 'api/Student/{id}'. 
2016-09-08 02:21:35.6594|Microsoft.AspNetCore.Mvc.Internal.ActionSelector|DEBUG|Action 'ApiService.Controllers.StudentController.Put (ApiService)' with id '401c2be1-72a2-4dd0-8abf-dcb2c1e21698' did not match the constraint 'Microsoft.AspNetCore.Mvc.Internal.HttpMethodActionConstraint' 
2016-09-08 02:21:35.6644|Microsoft.AspNetCore.Mvc.Internal.ActionSelector|DEBUG|Action 'ApiService.Controllers.StudentController.Delete (ApiService)' with id '3212e70b-5eae-404d-944a-aa6be4fa04d0' did not match the constraint 'Microsoft.AspNetCore.Mvc.Internal.HttpMethodActionConstraint' 
2016-09-08 02:21:35.7695|Microsoft.AspNetCore.Mvc.Internal.ControllerActionInvoker|DEBUG|Executing action ApiService.Controllers.StudentController.Get (ApiService) 
2016-09-08 02:22:07.3116|Microsoft.AspNetCore.Hosting.Internal.WebHost|DEBUG|Hosting starting 
2016-09-08 02:22:07.5620|Microsoft.AspNetCore.Hosting.Internal.WebHost|DEBUG|Hosting started 
2016-09-08 02:22:07.7021|Microsoft.AspNetCore.Server.Kestrel|DEBUG|Connection id "0HKUN9FG6HEUD" started. 
2016-09-08 02:22:07.7021|Microsoft.AspNetCore.Server.Kestrel|DEBUG|Connection id "0HKUN9FG6HEUE" started. 
2016-09-08 02:22:07.9601|Microsoft.AspNetCore.Hosting.Internal.WebHost|INFO|Request starting HTTP/1.1 GET http://localhost:5000/api/Student/1   
2016-09-08 02:22:07.9631|Microsoft.AspNetCore.Hosting.Internal.WebHost|INFO|Request starting HTTP/1.1 GET http://localhost:5000/api/   
2016-09-08 02:22:08.4887|Microsoft.AspNetCore.Builder.RouterMiddleware|DEBUG|Request did not match any routes. 
2016-09-08 02:22:08.4887|Microsoft.AspNetCore.Routing.Tree.TreeRouter|DEBUG|Request successfully matched the route with name '' and template 'api/Student/{id}'. 
2016-09-08 02:22:08.5172|Microsoft.AspNetCore.Hosting.Internal.WebHost|INFO|Request finished in 624.1173ms 404  
2016-09-08 02:22:08.5497|Microsoft.AspNetCore.Mvc.Internal.ActionSelector|DEBUG|Action 'ApiService.Controllers.StudentController.Put (ApiService)' with id 'def48485-0598-4347-8034-fd0f5c644a2f' did not match the constraint 'Microsoft.AspNetCore.Mvc.Internal.HttpMethodActionConstraint' 
2016-09-08 02:22:08.5577|Microsoft.AspNetCore.Mvc.Internal.ActionSelector|DEBUG|Action 'ApiService.Controllers.StudentController.Delete (ApiService)' with id '8cef1ee4-c9f9-48d2-a9dd-de5f8b2b924b' did not match the constraint 'Microsoft.AspNetCore.Mvc.Internal.HttpMethodActionConstraint' 
2016-09-08 02:22:08.5942|Microsoft.AspNetCore.Server.Kestrel|DEBUG|Connection id "0HKUN9FG6HEUD" completed keep alive response. 
2016-09-08 02:22:08.6947|Microsoft.AspNetCore.Mvc.Internal.ControllerActionInvoker|DEBUG|Executing action ApiService.Controllers.StudentController.Get (ApiService) 
2016-09-08 02:23:36.8282|Microsoft.AspNetCore.Hosting.Internal.WebHost|DEBUG|Hosting starting 
2016-09-08 02:23:37.1112|Microsoft.AspNetCore.Server.Kestrel|DEBUG|Connection id "0HKUN9GAR1PD7" started. 
2016-09-08 02:23:37.1392|Microsoft.AspNetCore.Server.Kestrel|DEBUG|Connection id "0HKUN9GAR1PD8" started. 
2016-09-08 02:23:37.1848|Microsoft.AspNetCore.Hosting.Internal.WebHost|DEBUG|Hosting started 
2016-09-08 02:23:37.3843|Microsoft.AspNetCore.Hosting.Internal.WebHost|INFO|Request starting HTTP/1.1 DEBUG http://localhost:5000/api/  0 
2016-09-08 02:23:37.3843|Microsoft.AspNetCore.Hosting.Internal.WebHost|INFO|Request starting HTTP/1.1 GET http://localhost:5000/api/   
2016-09-08 02:23:37.5093|Microsoft.AspNetCore.Hosting.Internal.WebHost|INFO|Request finished in 188.6009ms 200  
2016-09-08 02:23:37.6443|Microsoft.AspNetCore.Server.Kestrel|DEBUG|Connection id "0HKUN9GAR1PD8" completed keep alive response. 
2016-09-08 02:23:37.9408|Microsoft.AspNetCore.Builder.RouterMiddleware|DEBUG|Request did not match any routes. 
2016-09-08 02:23:37.9498|Microsoft.AspNetCore.Hosting.Internal.WebHost|INFO|Request finished in 645.5421ms 404  
2016-09-08 02:23:37.9498|Microsoft.AspNetCore.Server.Kestrel|DEBUG|Connection id "0HKUN9GAR1PD7" completed keep alive response. 
2016-09-08 02:23:42.7790|Microsoft.AspNetCore.Hosting.Internal.WebHost|INFO|Request starting HTTP/1.1 GET http://localhost:5000/api/Student/1   
2016-09-08 02:23:42.7900|Microsoft.AspNetCore.Routing.Tree.TreeRouter|DEBUG|Request successfully matched the route with name '' and template 'api/Student/{id}'. 
2016-09-08 02:23:42.8315|Microsoft.AspNetCore.Mvc.Internal.ActionSelector|DEBUG|Action 'ApiService.Controllers.StudentController.Put (ApiService)' with id '5b2eabd3-10ae-43d4-a18d-99548019e810' did not match the constraint 'Microsoft.AspNetCore.Mvc.Internal.HttpMethodActionConstraint' 
2016-09-08 02:23:42.8365|Microsoft.AspNetCore.Mvc.Internal.ActionSelector|DEBUG|Action 'ApiService.Controllers.StudentController.Delete (ApiService)' with id 'f7a3ab53-79f3-4a21-985c-ee94d670b4f0' did not match the constraint 'Microsoft.AspNetCore.Mvc.Internal.HttpMethodActionConstraint' 
2016-09-08 02:23:42.9275|Microsoft.AspNetCore.Mvc.Internal.ControllerActionInvoker|DEBUG|Executing action ApiService.Controllers.StudentController.Get (ApiService) 
2016-09-08 02:23:45.3033|Microsoft.AspNetCore.Mvc.Internal.ControllerActionInvoker|INFO|Executing action method ApiService.Controllers.StudentController.Get (ApiService) with arguments (1) - ModelState is Valid 
2016-09-08 02:29:29.1992|Microsoft.AspNetCore.Hosting.Internal.WebHost|DEBUG|Hosting starting 
2016-09-08 02:29:29.4327|Microsoft.AspNetCore.Hosting.Internal.WebHost|DEBUG|Hosting started 
2016-09-08 02:29:29.5652|Microsoft.AspNetCore.Server.Kestrel|DEBUG|Connection id "0HKUN9JJSFHK9" started. 
2016-09-08 02:29:29.5652|Microsoft.AspNetCore.Server.Kestrel|DEBUG|Connection id "0HKUN9JJSFHKA" started. 
2016-09-08 02:29:29.7882|Microsoft.AspNetCore.Hosting.Internal.WebHost|INFO|Request starting HTTP/1.1 GET http://localhost:5000/api/   
2016-09-08 02:29:29.7912|Microsoft.AspNetCore.Hosting.Internal.WebHost|INFO|Request starting HTTP/1.1 DEBUG http://localhost:5000/api/  0 
2016-09-08 02:29:29.9093|Microsoft.AspNetCore.Hosting.Internal.WebHost|INFO|Request finished in 183.6618ms 200  
2016-09-08 02:29:30.0408|Microsoft.AspNetCore.Server.Kestrel|DEBUG|Connection id "0HKUN9JJSFHKA" completed keep alive response. 
2016-09-08 02:29:30.3083|Microsoft.AspNetCore.Builder.RouterMiddleware|DEBUG|Request did not match any routes. 
2016-09-08 02:29:30.3083|Microsoft.AspNetCore.Hosting.Internal.WebHost|INFO|Request finished in 604.5374ms 404  
2016-09-08 02:29:30.3229|Microsoft.AspNetCore.Server.Kestrel|DEBUG|Connection id "0HKUN9JJSFHK9" completed keep alive response. 
2016-09-08 02:29:34.8374|Microsoft.AspNetCore.Hosting.Internal.WebHost|INFO|Request starting HTTP/1.1 GET http://localhost:5000/api/Student/1   
2016-09-08 02:29:34.8374|Microsoft.AspNetCore.Routing.Tree.TreeRouter|DEBUG|Request successfully matched the route with name '' and template 'api/Student/{id}'. 
2016-09-08 02:29:34.8905|Microsoft.AspNetCore.Mvc.Internal.ActionSelector|DEBUG|Action 'ApiService.Controllers.StudentController.Put (ApiService)' with id '015f2701-51a2-497e-9566-79caff7e1c6d' did not match the constraint 'Microsoft.AspNetCore.Mvc.Internal.HttpMethodActionConstraint' 
2016-09-08 02:29:34.8905|Microsoft.AspNetCore.Mvc.Internal.ActionSelector|DEBUG|Action 'ApiService.Controllers.StudentController.Delete (ApiService)' with id '4ad252c4-2796-4616-8945-2f4f4a605950' did not match the constraint 'Microsoft.AspNetCore.Mvc.Internal.HttpMethodActionConstraint' 
2016-09-08 02:29:34.9829|Microsoft.AspNetCore.Mvc.Internal.ControllerActionInvoker|DEBUG|Executing action ApiService.Controllers.StudentController.Get (ApiService) 
2016-09-08 02:30:16.9986|ApiService.Filters.LogErrorFilter|INFO|在执行 controller[Student] 的 action[Get] 时产生异常,Error[An error occurred during the activation of a particular registration. See the inner exception for details. Registration: Activator = StudentApp (ReflectionActivator), Services = [Api.Interfaces.IStudentManager], Lifetime = Autofac.Core.Lifetime.CurrentScopeLifetime, Sharing = None, Ownership = OwnedByLifetimeScope ---> An error occurred during the activation of a particular registration. See the inner exception for details. Registration: Activator = StudentRepository (ReflectionActivator), Services = [Api.Repositories.Interface.IStudentRepository], Lifetime = Autofac.Core.Lifetime.CurrentScopeLifetime, Sharing = None, Ownership = OwnedByLifetimeScope ---> None of the constructors found with 'Autofac.Core.Activators.Reflection.DefaultConstructorFinder' on type 'Api.Repositories.StudentRepository' can be invoked with the available services and parameters:
Cannot resolve parameter 'Autofac.IContainer Container' of constructor 'Void .ctor(Autofac.IContainer)'. (See inner exception for details.) (See inner exception for details.)] 
2016-09-08 02:30:17.1262|Microsoft.AspNetCore.Server.Kestrel|ERROR|Connection id "0HKUN9JJSFHKA": An unhandled exception was thrown by the application. An error occurred during the activation of a particular registration. See the inner exception for details. Registration: Activator = StudentApp (ReflectionActivator), Services = [Api.Interfaces.IStudentManager], Lifetime = Autofac.Core.Lifetime.CurrentScopeLifetime, Sharing = None, Ownership = OwnedByLifetimeScope ---> An error occurred during the activation of a particular registration. See the inner exception for details. Registration: Activator = StudentRepository (ReflectionActivator), Services = [Api.Repositories.Interface.IStudentRepository], Lifetime = Autofac.Core.Lifetime.CurrentScopeLifetime, Sharing = None, Ownership = OwnedByLifetimeScope ---> None of the constructors found with 'Autofac.Core.Activators.Reflection.DefaultConstructorFinder' on type 'Api.Repositories.StudentRepository' can be invoked with the available services and parameters:
Cannot resolve parameter 'Autofac.IContainer Container' of constructor 'Void .ctor(Autofac.IContainer)'. (See inner exception for details.) (See inner exception for details.)
2016-09-08 02:30:17.1382|Microsoft.AspNetCore.Hosting.Internal.WebHost|INFO|Request finished in 42301.48ms 200  
2016-09-08 02:30:17.1382|Microsoft.AspNetCore.Server.Kestrel|DEBUG|Connection id "0HKUN9JJSFHKA" completed keep alive response. 
2016-09-08 02:32:07.6044|Microsoft.AspNetCore.Hosting.Internal.WebHost|DEBUG|Hosting starting 
2016-09-08 02:32:07.8594|Microsoft.AspNetCore.Hosting.Internal.WebHost|DEBUG|Hosting started 
2016-09-08 02:32:07.9739|Microsoft.AspNetCore.Server.Kestrel|DEBUG|Connection id "0HKUN9L3366IS" started. 
2016-09-08 02:32:07.9739|Microsoft.AspNetCore.Server.Kestrel|DEBUG|Connection id "0HKUN9L3366IR" started. 
2016-09-08 02:32:08.1955|Microsoft.AspNetCore.Hosting.Internal.WebHost|INFO|Request starting HTTP/1.1 DEBUG http://localhost:5000/api/  0 
2016-09-08 02:32:08.1955|Microsoft.AspNetCore.Hosting.Internal.WebHost|INFO|Request starting HTTP/1.1 GET http://localhost:5000/api/   
2016-09-08 02:32:08.3025|Microsoft.AspNetCore.Hosting.Internal.WebHost|INFO|Request finished in 164.4535ms 200  
2016-09-08 02:32:08.4300|Microsoft.AspNetCore.Server.Kestrel|DEBUG|Connection id "0HKUN9L3366IR" completed keep alive response. 
2016-09-08 02:32:08.7121|Microsoft.AspNetCore.Builder.RouterMiddleware|DEBUG|Request did not match any routes. 
2016-09-08 02:32:08.7121|Microsoft.AspNetCore.Hosting.Internal.WebHost|INFO|Request finished in 596.8966ms 404  
2016-09-08 02:32:08.7266|Microsoft.AspNetCore.Server.Kestrel|DEBUG|Connection id "0HKUN9L3366IS" completed keep alive response. 
2016-09-08 02:32:18.0964|Microsoft.AspNetCore.Hosting.Internal.WebHost|INFO|Request starting HTTP/1.1 GET http://localhost:5000/api/Student/1   
2016-09-08 02:32:18.1094|Microsoft.AspNetCore.Routing.Tree.TreeRouter|DEBUG|Request successfully matched the route with name '' and template 'api/Student/{id}'. 
2016-09-08 02:32:18.1504|Microsoft.AspNetCore.Mvc.Internal.ActionSelector|DEBUG|Action 'ApiService.Controllers.StudentController.Put (ApiService)' with id 'c5a5baff-6838-4e70-93d8-d9b4d10bf5c9' did not match the constraint 'Microsoft.AspNetCore.Mvc.Internal.HttpMethodActionConstraint' 
2016-09-08 02:32:18.1504|Microsoft.AspNetCore.Mvc.Internal.ActionSelector|DEBUG|Action 'ApiService.Controllers.StudentController.Delete (ApiService)' with id '40ab5b48-7a72-4faf-9d35-20960a162d49' did not match the constraint 'Microsoft.AspNetCore.Mvc.Internal.HttpMethodActionConstraint' 
2016-09-08 02:32:18.2419|Microsoft.AspNetCore.Mvc.Internal.ControllerActionInvoker|DEBUG|Executing action ApiService.Controllers.StudentController.Get (ApiService) 
2016-09-08 02:42:23.5737|Microsoft.AspNetCore.Hosting.Internal.WebHost|DEBUG|Hosting starting 
2016-09-08 02:42:23.7772|Microsoft.AspNetCore.Hosting.Internal.WebHost|DEBUG|Hosting started 
2016-09-08 02:42:23.9047|Microsoft.AspNetCore.Server.Kestrel|DEBUG|Connection id "0HKUN9QQL5PV3" started. 
2016-09-08 02:42:23.9047|Microsoft.AspNetCore.Server.Kestrel|DEBUG|Connection id "0HKUN9QQL5PV2" started. 
2016-09-08 02:42:24.0912|Microsoft.AspNetCore.Hosting.Internal.WebHost|INFO|Request starting HTTP/1.1 DEBUG http://localhost:5000/api/  0 
2016-09-08 02:42:24.0912|Microsoft.AspNetCore.Hosting.Internal.WebHost|INFO|Request starting HTTP/1.1 GET http://localhost:5000/api/   
2016-09-08 02:42:24.2117|Microsoft.AspNetCore.Hosting.Internal.WebHost|INFO|Request finished in 150.9021ms 200  
2016-09-08 02:42:24.3537|Microsoft.AspNetCore.Server.Kestrel|DEBUG|Connection id "0HKUN9QQL5PV2" completed keep alive response. 
2016-09-08 02:42:24.6218|Microsoft.AspNetCore.Builder.RouterMiddleware|DEBUG|Request did not match any routes. 
2016-09-08 02:42:24.6218|Microsoft.AspNetCore.Hosting.Internal.WebHost|INFO|Request finished in 587.3877ms 404  
2016-09-08 02:42:24.6388|Microsoft.AspNetCore.Server.Kestrel|DEBUG|Connection id "0HKUN9QQL5PV3" completed keep alive response. 
2016-09-08 02:42:27.3261|Microsoft.AspNetCore.Hosting.Internal.WebHost|INFO|Request starting HTTP/1.1 GET http://localhost:5000/api/Student/1   
2016-09-08 02:42:27.3386|Microsoft.AspNetCore.Routing.Tree.TreeRouter|DEBUG|Request successfully matched the route with name '' and template 'api/Student/{id}'. 
2016-09-08 02:42:27.3791|Microsoft.AspNetCore.Mvc.Internal.ActionSelector|DEBUG|Action 'ApiService.Controllers.StudentController.Put (ApiService)' with id 'adcc45b9-5240-4280-a55f-ecd56bd03162' did not match the constraint 'Microsoft.AspNetCore.Mvc.Internal.HttpMethodActionConstraint' 
2016-09-08 02:42:27.3841|Microsoft.AspNetCore.Mvc.Internal.ActionSelector|DEBUG|Action 'ApiService.Controllers.StudentController.Delete (ApiService)' with id '79fcf0d0-d3c5-4482-b25b-8476396f0807' did not match the constraint 'Microsoft.AspNetCore.Mvc.Internal.HttpMethodActionConstraint' 
2016-09-08 02:42:27.4831|Microsoft.AspNetCore.Mvc.Internal.ControllerActionInvoker|DEBUG|Executing action ApiService.Controllers.StudentController.Get (ApiService) 
2016-09-08 02:54:56.7274|Microsoft.AspNetCore.Hosting.Internal.WebHost|DEBUG|Hosting starting 
2016-09-08 02:54:56.9594|Microsoft.AspNetCore.Hosting.Internal.WebHost|DEBUG|Hosting started 
2016-09-08 02:54:56.9919|Microsoft.AspNetCore.Server.Kestrel|DEBUG|Connection id "0HKUNA1R34RVE" started. 
2016-09-08 02:54:56.9919|Microsoft.AspNetCore.Server.Kestrel|DEBUG|Connection id "0HKUNA1R34RVD" started. 
2016-09-08 02:54:57.2279|Microsoft.AspNetCore.Hosting.Internal.WebHost|INFO|Request starting HTTP/1.1 GET http://localhost:5000/api/   
2016-09-08 02:54:57.2279|Microsoft.AspNetCore.Hosting.Internal.WebHost|INFO|Request starting HTTP/1.1 DEBUG http://localhost:5000/api/  0 
2016-09-08 02:54:57.3534|Microsoft.AspNetCore.Hosting.Internal.WebHost|INFO|Request finished in 182.7322ms 200  
2016-09-08 02:54:57.4920|Microsoft.AspNetCore.Server.Kestrel|DEBUG|Connection id "0HKUNA1R34RVD" completed keep alive response. 
2016-09-08 02:54:57.7805|Microsoft.AspNetCore.Builder.RouterMiddleware|DEBUG|Request did not match any routes. 
2016-09-08 02:54:57.7910|Microsoft.AspNetCore.Hosting.Internal.WebHost|INFO|Request finished in 638.8842ms 404  
2016-09-08 02:54:57.7910|Microsoft.AspNetCore.Server.Kestrel|DEBUG|Connection id "0HKUNA1R34RVE" completed keep alive response. 
2016-09-08 02:55:01.2224|Microsoft.AspNetCore.Hosting.Internal.WebHost|INFO|Request starting HTTP/1.1 GET http://localhost:5000/api/Student/1   
2016-09-08 02:55:01.2364|Microsoft.AspNetCore.Routing.Tree.TreeRouter|DEBUG|Request successfully matched the route with name '' and template 'api/Student/{id}'. 
2016-09-08 02:55:01.2825|Microsoft.AspNetCore.Mvc.Internal.ActionSelector|DEBUG|Action 'ApiService.Controllers.StudentController.Put (ApiService)' with id '72a81689-c3eb-442a-89cd-02283ee7936c' did not match the constraint 'Microsoft.AspNetCore.Mvc.Internal.HttpMethodActionConstraint' 
2016-09-08 02:55:01.2825|Microsoft.AspNetCore.Mvc.Internal.ActionSelector|DEBUG|Action 'ApiService.Controllers.StudentController.Delete (ApiService)' with id '0dafe45b-d13c-4539-a34a-7a3792bab9f3' did not match the constraint 'Microsoft.AspNetCore.Mvc.Internal.HttpMethodActionConstraint' 
2016-09-08 02:55:01.3849|Microsoft.AspNetCore.Mvc.Internal.ControllerActionInvoker|DEBUG|Executing action ApiService.Controllers.StudentController.Get (ApiService) 
2016-09-08 21:23:32.5119|Microsoft.AspNetCore.Hosting.Internal.WebHost|DEBUG|Hosting starting 
2016-09-08 21:23:33.1894|Microsoft.AspNetCore.Hosting.Internal.WebHost|DEBUG|Hosting started 
2016-09-08 21:23:33.3675|Microsoft.AspNetCore.Server.Kestrel|DEBUG|Connection id "0HKUNTDAGNEO7" started. 
2016-09-08 21:23:33.3675|Microsoft.AspNetCore.Server.Kestrel|DEBUG|Connection id "0HKUNTDAGNEO6" started. 
2016-09-08 21:23:33.6435|Microsoft.AspNetCore.Hosting.Internal.WebHost|INFO|Request starting HTTP/1.1 GET http://localhost:5000/api/   
2016-09-08 21:23:33.6435|Microsoft.AspNetCore.Hosting.Internal.WebHost|INFO|Request starting HTTP/1.1 DEBUG http://localhost:5000/api/  0 
2016-09-08 21:23:33.8995|Microsoft.AspNetCore.Hosting.Internal.WebHost|INFO|Request finished in 305.7838ms 200  
2016-09-08 21:23:34.3711|Microsoft.AspNetCore.Server.Kestrel|DEBUG|Connection id "0HKUNTDAGNEO6" completed keep alive response. 
2016-09-08 21:23:34.9457|Microsoft.AspNetCore.Builder.RouterMiddleware|DEBUG|Request did not match any routes. 
2016-09-08 21:23:34.9602|Microsoft.AspNetCore.Hosting.Internal.WebHost|INFO|Request finished in 1383.827ms 404  
2016-09-08 21:23:34.9687|Microsoft.AspNetCore.Server.Kestrel|DEBUG|Connection id "0HKUNTDAGNEO7" completed keep alive response. 
2016-09-08 21:23:35.0197|Microsoft.AspNetCore.Hosting.Internal.WebHost|INFO|Request starting HTTP/1.1 GET http://localhost:5000/favicon.ico   
2016-09-08 21:23:35.0282|Microsoft.AspNetCore.Builder.RouterMiddleware|DEBUG|Request did not match any routes. 
2016-09-08 21:23:35.0282|Microsoft.AspNetCore.Hosting.Internal.WebHost|INFO|Request finished in 19.4415ms 404  
2016-09-08 21:23:35.0457|Microsoft.AspNetCore.Server.Kestrel|DEBUG|Connection id "0HKUNTDAGNEO6" completed keep alive response. 
2016-09-08 21:23:53.9937|Microsoft.AspNetCore.Hosting.Internal.WebHost|INFO|Request starting HTTP/1.1 GET http://localhost:5000/api/Student/1   
2016-09-08 21:23:54.0097|Microsoft.AspNetCore.Routing.Tree.TreeRouter|DEBUG|Request successfully matched the route with name '' and template 'api/Student/{id}'. 
2016-09-08 21:23:54.0672|Microsoft.AspNetCore.Mvc.Internal.ActionSelector|DEBUG|Action 'ApiService.Controllers.StudentController.Put (ApiService)' with id '9e93bb21-3be6-4918-8b23-f11f00307877' did not match the constraint 'Microsoft.AspNetCore.Mvc.Internal.HttpMethodActionConstraint' 
2016-09-08 21:23:54.0672|Microsoft.AspNetCore.Mvc.Internal.ActionSelector|DEBUG|Action 'ApiService.Controllers.StudentController.Delete (ApiService)' with id 'c43a5d60-b815-4064-841e-ab49e04b4a59' did not match the constraint 'Microsoft.AspNetCore.Mvc.Internal.HttpMethodActionConstraint' 
2016-09-08 21:23:54.2077|Microsoft.AspNetCore.Mvc.Internal.ControllerActionInvoker|DEBUG|Executing action ApiService.Controllers.StudentController.Get (ApiService) 
2016-09-08 21:24:00.4852|Microsoft.AspNetCore.Mvc.Internal.ControllerActionInvoker|INFO|Executing action method ApiService.Controllers.StudentController.Get (ApiService) with arguments (1) - ModelState is Valid 
2016-09-08 21:47:43.0774|Microsoft.AspNetCore.Hosting.Internal.WebHost|DEBUG|Hosting starting 
2016-09-08 21:47:43.3844|Microsoft.AspNetCore.Hosting.Internal.WebHost|DEBUG|Hosting started 
2016-09-08 21:47:43.4179|Microsoft.AspNetCore.Server.Kestrel|DEBUG|Connection id "0HKUNTQQLEPVR" started. 
2016-09-08 21:47:43.4179|Microsoft.AspNetCore.Server.Kestrel|DEBUG|Connection id "0HKUNTQQLEPVS" started. 
2016-09-08 21:47:43.7039|Microsoft.AspNetCore.Hosting.Internal.WebHost|INFO|Request starting HTTP/1.1 GET http://localhost:5000/api/   
2016-09-08 21:47:43.7039|Microsoft.AspNetCore.Hosting.Internal.WebHost|INFO|Request starting HTTP/1.1 DEBUG http://localhost:5000/api/  0 
2016-09-08 21:47:43.8520|Microsoft.AspNetCore.Hosting.Internal.WebHost|INFO|Request finished in 212.3397ms 200  
2016-09-08 21:47:44.0215|Microsoft.AspNetCore.Server.Kestrel|DEBUG|Connection id "0HKUNTQQLEPVR" completed keep alive response. 
2016-09-08 21:47:44.4680|Microsoft.AspNetCore.Builder.RouterMiddleware|DEBUG|Request did not match any routes. 
2016-09-08 21:47:44.4835|Microsoft.AspNetCore.Hosting.Internal.WebHost|INFO|Request finished in 869.3651ms 404  
2016-09-08 21:47:44.4835|Microsoft.AspNetCore.Server.Kestrel|DEBUG|Connection id "0HKUNTQQLEPVS" completed keep alive response. 
2016-09-08 21:47:49.6275|Microsoft.AspNetCore.Hosting.Internal.WebHost|INFO|Request starting HTTP/1.1 GET http://localhost:5000/api/Student/1   
2016-09-08 21:47:49.6430|Microsoft.AspNetCore.Routing.Tree.TreeRouter|DEBUG|Request successfully matched the route with name '' and template 'api/Student/{id}'. 
2016-09-08 21:47:49.7065|Microsoft.AspNetCore.Mvc.Internal.ActionSelector|DEBUG|Action 'ApiService.Controllers.StudentController.Put (ApiService)' with id '49a3431a-0dbe-4690-9f70-fb7a0a6e7236' did not match the constraint 'Microsoft.AspNetCore.Mvc.Internal.HttpMethodActionConstraint' 
2016-09-08 21:47:49.7065|Microsoft.AspNetCore.Mvc.Internal.ActionSelector|DEBUG|Action 'ApiService.Controllers.StudentController.Delete (ApiService)' with id '583851cf-8f6b-4bc5-802b-1304fe32e6b1' did not match the constraint 'Microsoft.AspNetCore.Mvc.Internal.HttpMethodActionConstraint' 
2016-09-08 21:47:49.8585|Microsoft.AspNetCore.Mvc.Internal.ControllerActionInvoker|DEBUG|Executing action ApiService.Controllers.StudentController.Get (ApiService) 
2016-09-08 21:47:56.0021|Microsoft.AspNetCore.Mvc.Internal.ControllerActionInvoker|INFO|Executing action method ApiService.Controllers.StudentController.Get (ApiService) with arguments (1) - ModelState is Valid 
2016-09-08 21:47:59.7197|Microsoft.AspNetCore.Mvc.Internal.ControllerActionInvoker|DEBUG|Executed action method ApiService.Controllers.StudentController.Get (ApiService), returned result Microsoft.AspNetCore.Mvc.ObjectResult. 
2016-09-08 21:47:59.7943|Microsoft.AspNetCore.Mvc.Internal.ObjectResultExecutor|DEBUG|No information found on request to perform content negotiation. 
2016-09-08 21:47:59.8152|Microsoft.AspNetCore.Mvc.Internal.ObjectResultExecutor|DEBUG|Selected output formatter 'Microsoft.AspNetCore.Mvc.Formatters.HttpNoContentOutputFormatter' and content type '' to write the response. 
2016-09-08 21:47:59.8292|Microsoft.AspNetCore.Mvc.Internal.ObjectResultExecutor|INFO|Executing ObjectResult, writing value Microsoft.AspNetCore.Mvc.ControllerContext. 
2016-09-08 21:47:59.8702|Microsoft.AspNetCore.Mvc.Internal.ControllerActionInvoker|INFO|Executed action ApiService.Controllers.StudentController.Get (ApiService) in 9997.501ms 
2016-09-08 21:47:59.8857|Microsoft.AspNetCore.Hosting.Internal.WebHost|INFO|Request finished in 10260.9315ms 204  
2016-09-08 21:47:59.9012|Microsoft.AspNetCore.Server.Kestrel|DEBUG|Connection id "0HKUNTQQLEPVR" completed keep alive response. 
2016-09-08 21:48:10.5958|Microsoft.AspNetCore.Hosting.Internal.WebHost|INFO|Request starting HTTP/1.1 GET http://localhost:5000/api/Student/1   
2016-09-08 21:48:10.6068|Microsoft.AspNetCore.Routing.Tree.TreeRouter|DEBUG|Request successfully matched the route with name '' and template 'api/Student/{id}'. 
2016-09-08 21:48:10.6068|Microsoft.AspNetCore.Mvc.Internal.ActionSelector|DEBUG|Action 'ApiService.Controllers.StudentController.Put (ApiService)' with id '49a3431a-0dbe-4690-9f70-fb7a0a6e7236' did not match the constraint 'Microsoft.AspNetCore.Mvc.Internal.HttpMethodActionConstraint' 
2016-09-08 21:48:10.6318|Microsoft.AspNetCore.Mvc.Internal.ActionSelector|DEBUG|Action 'ApiService.Controllers.StudentController.Delete (ApiService)' with id '583851cf-8f6b-4bc5-802b-1304fe32e6b1' did not match the constraint 'Microsoft.AspNetCore.Mvc.Internal.HttpMethodActionConstraint' 
2016-09-08 21:48:10.6413|Microsoft.AspNetCore.Mvc.Internal.ControllerActionInvoker|DEBUG|Executing action ApiService.Controllers.StudentController.Get (ApiService) 
2016-09-08 21:48:14.9383|Microsoft.AspNetCore.Mvc.Internal.ControllerActionInvoker|INFO|Executing action method ApiService.Controllers.StudentController.Get (ApiService) with arguments (1) - ModelState is Valid 
2016-09-08 21:48:17.3025|Microsoft.AspNetCore.Mvc.Internal.ControllerActionInvoker|DEBUG|Executed action method ApiService.Controllers.StudentController.Get (ApiService), returned result Microsoft.AspNetCore.Mvc.ObjectResult. 
2016-09-08 21:48:17.3125|Microsoft.AspNetCore.Mvc.Internal.ObjectResultExecutor|DEBUG|No information found on request to perform content negotiation. 
2016-09-08 21:48:17.3251|Microsoft.AspNetCore.Mvc.Internal.ObjectResultExecutor|DEBUG|Selected output formatter 'Microsoft.AspNetCore.Mvc.Formatters.HttpNoContentOutputFormatter' and content type '' to write the response. 
2016-09-08 21:48:17.3251|Microsoft.AspNetCore.Mvc.Internal.ObjectResultExecutor|INFO|Executing ObjectResult, writing value Microsoft.AspNetCore.Mvc.ControllerContext. 
2016-09-08 21:48:17.3605|Microsoft.AspNetCore.Mvc.Internal.ControllerActionInvoker|INFO|Executed action ApiService.Controllers.StudentController.Get (ApiService) in 6700.5158ms 
2016-09-08 21:48:17.3805|Microsoft.AspNetCore.Hosting.Internal.WebHost|INFO|Request finished in 6787.3339ms 204  
2016-09-08 21:48:17.3970|Microsoft.AspNetCore.Server.Kestrel|DEBUG|Connection id "0HKUNTQQLEPVS" completed keep alive response. 
2016-09-08 21:49:52.9561|Microsoft.AspNetCore.Hosting.Internal.WebHost|DEBUG|Hosting starting 
2016-09-08 21:49:53.3041|Microsoft.AspNetCore.Hosting.Internal.WebHost|DEBUG|Hosting started 
2016-09-08 21:49:53.3876|Microsoft.AspNetCore.Server.Kestrel|DEBUG|Connection id "0HKUNTS1CUN2S" started. 
2016-09-08 21:49:53.3876|Microsoft.AspNetCore.Server.Kestrel|DEBUG|Connection id "0HKUNTS1CUN2R" started. 
2016-09-08 21:49:53.6591|Microsoft.AspNetCore.Hosting.Internal.WebHost|INFO|Request starting HTTP/1.1 GET http://localhost:5000/api/   
2016-09-08 21:49:53.6591|Microsoft.AspNetCore.Hosting.Internal.WebHost|INFO|Request starting HTTP/1.1 DEBUG http://localhost:5000/api/  0 
2016-09-08 21:49:53.8002|Microsoft.AspNetCore.Hosting.Internal.WebHost|INFO|Request finished in 193.9123ms 200  
2016-09-08 21:49:53.9752|Microsoft.AspNetCore.Server.Kestrel|DEBUG|Connection id "0HKUNTS1CUN2S" completed keep alive response. 
2016-09-08 21:49:54.3497|Microsoft.AspNetCore.Builder.RouterMiddleware|DEBUG|Request did not match any routes. 
2016-09-08 21:49:54.3677|Microsoft.AspNetCore.Hosting.Internal.WebHost|INFO|Request finished in 778.3773ms 404  
2016-09-08 21:49:54.3842|Microsoft.AspNetCore.Server.Kestrel|DEBUG|Connection id "0HKUNTS1CUN2R" completed keep alive response. 
2016-09-08 21:50:05.0105|Microsoft.AspNetCore.Hosting.Internal.WebHost|INFO|Request starting HTTP/1.1 GET http://localhost:5000/api/Student/1   
2016-09-08 21:50:05.0321|Microsoft.AspNetCore.Routing.Tree.TreeRouter|DEBUG|Request successfully matched the route with name '' and template 'api/Student/{id}'. 
2016-09-08 21:50:05.0956|Microsoft.AspNetCore.Mvc.Internal.ActionSelector|DEBUG|Action 'ApiService.Controllers.StudentController.Put (ApiService)' with id '63b5f7a0-6d50-4a21-9383-d1753f06bbe3' did not match the constraint 'Microsoft.AspNetCore.Mvc.Internal.HttpMethodActionConstraint' 
2016-09-08 21:50:05.0956|Microsoft.AspNetCore.Mvc.Internal.ActionSelector|DEBUG|Action 'ApiService.Controllers.StudentController.Delete (ApiService)' with id '8eb01a2e-c732-4673-aca7-25f286b8fe1c' did not match the constraint 'Microsoft.AspNetCore.Mvc.Internal.HttpMethodActionConstraint' 
2016-09-08 21:50:05.2271|Microsoft.AspNetCore.Mvc.Internal.ControllerActionInvoker|DEBUG|Executing action ApiService.Controllers.StudentController.Get (ApiService) 
2016-09-08 21:50:10.5275|Microsoft.AspNetCore.Mvc.Internal.ControllerActionInvoker|INFO|Executing action method ApiService.Controllers.StudentController.Get (ApiService) with arguments (1) - ModelState is Valid 
2016-09-08 21:50:19.1127|Microsoft.AspNetCore.Mvc.Internal.ControllerActionInvoker|DEBUG|Executed action method ApiService.Controllers.StudentController.Get (ApiService), returned result Microsoft.AspNetCore.Mvc.ObjectResult. 
2016-09-08 21:50:19.1852|Microsoft.AspNetCore.Mvc.Internal.ObjectResultExecutor|DEBUG|No information found on request to perform content negotiation. 
2016-09-08 21:50:19.2027|Microsoft.AspNetCore.Mvc.Internal.ObjectResultExecutor|DEBUG|Selected output formatter 'Microsoft.AspNetCore.Mvc.Formatters.HttpNoContentOutputFormatter' and content type '' to write the response. 
2016-09-08 21:50:19.2177|Microsoft.AspNetCore.Mvc.Internal.ObjectResultExecutor|INFO|Executing ObjectResult, writing value Microsoft.AspNetCore.Mvc.ControllerContext. 
2016-09-08 21:50:19.2617|Microsoft.AspNetCore.Mvc.Internal.ControllerActionInvoker|INFO|Executed action ApiService.Controllers.StudentController.Get (ApiService) in 14017.1762ms 
2016-09-08 21:50:19.2772|Microsoft.AspNetCore.Hosting.Internal.WebHost|INFO|Request finished in 14266.4296ms 204  
2016-09-08 21:50:19.2922|Microsoft.AspNetCore.Server.Kestrel|DEBUG|Connection id "0HKUNTS1CUN2S" completed keep alive response. 
2016-09-08 21:56:18.5632|Microsoft.AspNetCore.Hosting.Internal.WebHost|DEBUG|Hosting starting 
2016-09-08 21:56:18.9242|Microsoft.AspNetCore.Hosting.Internal.WebHost|DEBUG|Hosting started 
2016-09-08 21:56:19.0203|Microsoft.AspNetCore.Server.Kestrel|DEBUG|Connection id "0HKUNTVKAK08R" started. 
2016-09-08 21:56:19.0203|Microsoft.AspNetCore.Server.Kestrel|DEBUG|Connection id "0HKUNTVKAK08S" started. 
2016-09-08 21:56:19.3758|Microsoft.AspNetCore.Hosting.Internal.WebHost|INFO|Request starting HTTP/1.1 DEBUG http://localhost:5000/api/  0 
2016-09-08 21:56:19.3758|Microsoft.AspNetCore.Hosting.Internal.WebHost|INFO|Request starting HTTP/1.1 GET http://localhost:5000/api/   
2016-09-08 21:56:19.5363|Microsoft.AspNetCore.Hosting.Internal.WebHost|INFO|Request finished in 228.6052ms 200  
2016-09-08 21:56:19.7083|Microsoft.AspNetCore.Server.Kestrel|DEBUG|Connection id "0HKUNTVKAK08S" completed keep alive response. 
2016-09-08 21:56:20.2099|Microsoft.AspNetCore.Builder.RouterMiddleware|DEBUG|Request did not match any routes. 
2016-09-08 21:56:20.2369|Microsoft.AspNetCore.Hosting.Internal.WebHost|INFO|Request finished in 961.4485ms 404  
2016-09-08 21:56:20.2704|Microsoft.AspNetCore.Server.Kestrel|DEBUG|Connection id "0HKUNTVKAK08R" completed keep alive response. 
2016-09-08 21:56:21.6816|Microsoft.AspNetCore.Hosting.Internal.WebHost|INFO|Request starting HTTP/1.1 GET http://localhost:5000/api/Student/1   
2016-09-08 21:56:21.7031|Microsoft.AspNetCore.Routing.Tree.TreeRouter|DEBUG|Request successfully matched the route with name '' and template 'api/Student/{id}'. 
2016-09-08 21:56:21.7661|Microsoft.AspNetCore.Mvc.Internal.ActionSelector|DEBUG|Action 'ApiService.Controllers.StudentController.Put (ApiService)' with id '5fa99415-1dcd-4413-b016-71e5a9becb7e' did not match the constraint 'Microsoft.AspNetCore.Mvc.Internal.HttpMethodActionConstraint' 
2016-09-08 21:56:21.7851|Microsoft.AspNetCore.Mvc.Internal.ActionSelector|DEBUG|Action 'ApiService.Controllers.StudentController.Delete (ApiService)' with id 'f583ef1e-03ca-4a2a-b57a-a916cf2ff90e' did not match the constraint 'Microsoft.AspNetCore.Mvc.Internal.HttpMethodActionConstraint' 
2016-09-08 21:56:21.9406|Microsoft.AspNetCore.Mvc.Internal.ControllerActionInvoker|DEBUG|Executing action ApiService.Controllers.StudentController.Get (ApiService) 
2016-09-08 21:56:26.0402|Microsoft.AspNetCore.Mvc.Internal.ControllerActionInvoker|INFO|Executing action method ApiService.Controllers.StudentController.Get (ApiService) with arguments (1) - ModelState is Valid 
2016-09-08 21:56:31.4024|Microsoft.AspNetCore.Mvc.Internal.ControllerActionInvoker|DEBUG|Executed action method ApiService.Controllers.StudentController.Get (ApiService), returned result Microsoft.AspNetCore.Mvc.ObjectResult. 
2016-09-08 21:56:31.4840|Microsoft.AspNetCore.Mvc.Internal.ObjectResultExecutor|DEBUG|No information found on request to perform content negotiation. 
2016-09-08 21:56:31.5070|Microsoft.AspNetCore.Mvc.Internal.ObjectResultExecutor|DEBUG|Selected output formatter 'Microsoft.AspNetCore.Mvc.Formatters.HttpNoContentOutputFormatter' and content type '' to write the response. 
2016-09-08 21:56:31.5265|Microsoft.AspNetCore.Mvc.Internal.ObjectResultExecutor|INFO|Executing ObjectResult, writing value Microsoft.AspNetCore.Mvc.ControllerContext. 
2016-09-08 21:56:31.5800|Microsoft.AspNetCore.Mvc.Internal.ControllerActionInvoker|INFO|Executed action ApiService.Controllers.StudentController.Get (ApiService) in 9613.292ms 
2016-09-08 21:56:31.6010|Microsoft.AspNetCore.Hosting.Internal.WebHost|INFO|Request finished in 9920.5392ms 204  
2016-09-08 21:56:31.6255|Microsoft.AspNetCore.Server.Kestrel|DEBUG|Connection id "0HKUNTVKAK08S" completed keep alive response. 
2016-09-08 21:57:43.8536|Microsoft.AspNetCore.Server.Kestrel|DEBUG|Connection id "0HKUNTVKAK08S" received FIN. 
2016-09-08 21:57:43.8536|Microsoft.AspNetCore.Server.Kestrel|DEBUG|Connection id "0HKUNTVKAK08R" received FIN. 
2016-09-08 21:57:43.8796|Microsoft.AspNetCore.Server.Kestrel|DEBUG|Connection id "0HKUNTVKAK08T" started. 
2016-09-08 21:57:43.8711|Microsoft.AspNetCore.Server.Kestrel|DEBUG|Connection id "0HKUNTVKAK08S" disconnecting. 
2016-09-08 21:57:43.8796|Microsoft.AspNetCore.Server.Kestrel|DEBUG|Connection id "0HKUNTVKAK08R" disconnecting. 
2016-09-08 21:57:43.9001|Microsoft.AspNetCore.Hosting.Internal.WebHost|INFO|Request starting HTTP/1.1 POST http://localhost:5000/api/Student  52 
2016-09-08 21:57:43.9151|Microsoft.AspNetCore.Server.Kestrel|DEBUG|Connection id "0HKUNTVKAK08S" sending FIN. 
2016-09-08 21:57:43.9256|Microsoft.AspNetCore.Server.Kestrel|DEBUG|Connection id "0HKUNTVKAK08R" sending FIN. 
2016-09-08 21:57:43.9371|Microsoft.AspNetCore.Routing.Tree.TreeRouter|DEBUG|Request successfully matched the route with name '' and template 'api/Student'. 
2016-09-08 21:57:43.9581|Microsoft.AspNetCore.Server.Kestrel|DEBUG|Connection id "0HKUNTVKAK08S" sent FIN with status "0". 
2016-09-08 21:57:43.9581|Microsoft.AspNetCore.Server.Kestrel|DEBUG|Connection id "0HKUNTVKAK08R" sent FIN with status "0". 
2016-09-08 21:57:43.9756|Microsoft.AspNetCore.Mvc.Internal.ActionSelector|DEBUG|Action 'ApiService.Controllers.StudentController.Get (ApiService)' with id '10b738a9-2762-4962-ab4a-a512b481f8a6' did not match the constraint 'Microsoft.AspNetCore.Mvc.Internal.HttpMethodActionConstraint' 
2016-09-08 21:57:43.9911|Microsoft.AspNetCore.Server.Kestrel|DEBUG|Connection id "0HKUNTVKAK08S" stopped. 
2016-09-08 21:57:44.0001|Microsoft.AspNetCore.Server.Kestrel|DEBUG|Connection id "0HKUNTVKAK08R" stopped. 
2016-09-08 21:57:44.0161|Microsoft.AspNetCore.Mvc.Internal.ControllerActionInvoker|DEBUG|Executing action ApiService.Controllers.StudentController.Post (ApiService) 
2016-09-08 21:57:55.0440|Microsoft.AspNetCore.Mvc.Internal.ControllerActionInvoker|DEBUG|Request was short circuited at action filter 'Microsoft.AspNetCore.Mvc.ModelBinding.UnsupportedContentTypeFilter'. 
2016-09-08 21:57:55.0715|Microsoft.AspNetCore.Mvc.StatusCodeResult|INFO|Executing HttpStatusCodeResult, setting HTTP status code 415 
2016-09-08 21:57:55.0885|Microsoft.AspNetCore.Mvc.Internal.ControllerActionInvoker|INFO|Executed action ApiService.Controllers.StudentController.Post (ApiService) in 11033.7495ms 
2016-09-08 21:57:55.1125|Microsoft.AspNetCore.Hosting.Internal.WebHost|INFO|Request finished in 11214.557ms 415  
2016-09-08 21:57:55.1335|Microsoft.AspNetCore.Server.Kestrel|DEBUG|Connection id "0HKUNTVKAK08T" completed keep alive response. 
2016-09-08 21:58:17.0039|Microsoft.AspNetCore.Hosting.Internal.WebHost|INFO|Request starting HTTP/1.1 POST http://localhost:5000/api/Student/  52 
2016-09-08 21:58:17.0209|Microsoft.AspNetCore.Routing.Tree.TreeRouter|DEBUG|Request successfully matched the route with name '' and template 'api/Student'. 
2016-09-08 21:58:17.0399|Microsoft.AspNetCore.Mvc.Internal.ActionSelector|DEBUG|Action 'ApiService.Controllers.StudentController.Get (ApiService)' with id '10b738a9-2762-4962-ab4a-a512b481f8a6' did not match the constraint 'Microsoft.AspNetCore.Mvc.Internal.HttpMethodActionConstraint' 
2016-09-08 21:58:17.0504|Microsoft.AspNetCore.Mvc.Internal.ControllerActionInvoker|DEBUG|Executing action ApiService.Controllers.StudentController.Post (ApiService) 
2016-09-08 21:58:17.0609|Microsoft.AspNetCore.Mvc.Internal.ControllerActionInvoker|DEBUG|Request was short circuited at action filter 'Microsoft.AspNetCore.Mvc.ModelBinding.UnsupportedContentTypeFilter'. 
2016-09-08 21:58:17.0609|Microsoft.AspNetCore.Mvc.StatusCodeResult|INFO|Executing HttpStatusCodeResult, setting HTTP status code 415 
2016-09-08 21:58:17.0884|Microsoft.AspNetCore.Mvc.Internal.ControllerActionInvoker|INFO|Executed action ApiService.Controllers.StudentController.Post (ApiService) in 25.1848ms 
2016-09-08 21:58:17.1049|Microsoft.AspNetCore.Hosting.Internal.WebHost|INFO|Request finished in 100.889ms 415  
2016-09-08 21:58:17.1174|Microsoft.AspNetCore.Server.Kestrel|DEBUG|Connection id "0HKUNTVKAK08T" completed keep alive response. 
2016-09-08 21:58:29.8461|Microsoft.AspNetCore.Hosting.Internal.WebHost|INFO|Request starting HTTP/1.1 POST http://localhost:5000/api/Student/  0 
2016-09-08 21:58:29.8596|Microsoft.AspNetCore.Routing.Tree.TreeRouter|DEBUG|Request successfully matched the route with name '' and template 'api/Student'. 
2016-09-08 21:58:29.8596|Microsoft.AspNetCore.Mvc.Internal.ActionSelector|DEBUG|Action 'ApiService.Controllers.StudentController.Get (ApiService)' with id '10b738a9-2762-4962-ab4a-a512b481f8a6' did not match the constraint 'Microsoft.AspNetCore.Mvc.Internal.HttpMethodActionConstraint' 
2016-09-08 21:58:29.8861|Microsoft.AspNetCore.Mvc.Internal.ControllerActionInvoker|DEBUG|Executing action ApiService.Controllers.StudentController.Post (ApiService) 
2016-09-08 21:58:29.9012|Microsoft.AspNetCore.Mvc.Internal.ControllerActionInvoker|DEBUG|Request was short circuited at action filter 'Microsoft.AspNetCore.Mvc.ModelBinding.UnsupportedContentTypeFilter'. 
2016-09-08 21:58:29.9167|Microsoft.AspNetCore.Mvc.StatusCodeResult|INFO|Executing HttpStatusCodeResult, setting HTTP status code 415 
2016-09-08 21:58:29.9312|Microsoft.AspNetCore.Mvc.Internal.ControllerActionInvoker|INFO|Executed action ApiService.Controllers.StudentController.Post (ApiService) in 27.7145ms 
2016-09-08 21:58:29.9487|Microsoft.AspNetCore.Hosting.Internal.WebHost|INFO|Request finished in 101.9127ms 415  
2016-09-08 21:58:29.9627|Microsoft.AspNetCore.Server.Kestrel|DEBUG|Connection id "0HKUNTVKAK08T" completed keep alive response. 
2016-09-08 21:58:55.7820|Microsoft.AspNetCore.Hosting.Internal.WebHost|INFO|Request starting HTTP/1.1 POST http://localhost:5000/api/Student/Post  0 
2016-09-08 21:58:55.7820|Microsoft.AspNetCore.Routing.Tree.TreeRouter|DEBUG|Request successfully matched the route with name '' and template 'api/Student/{id}'. 
2016-09-08 21:58:55.8070|Microsoft.AspNetCore.Mvc.Internal.ActionSelector|DEBUG|Action 'ApiService.Controllers.StudentController.Get (ApiService)' with id '76bc138c-e5bb-42e2-ab73-534f8f00cc08' did not match the constraint 'Microsoft.AspNetCore.Mvc.Internal.HttpMethodActionConstraint' 
2016-09-08 21:58:55.8245|Microsoft.AspNetCore.Mvc.Internal.ActionSelector|DEBUG|Action 'ApiService.Controllers.StudentController.Put (ApiService)' with id '5fa99415-1dcd-4413-b016-71e5a9becb7e' did not match the constraint 'Microsoft.AspNetCore.Mvc.Internal.HttpMethodActionConstraint' 
2016-09-08 21:58:55.8355|Microsoft.AspNetCore.Mvc.Internal.ActionSelector|DEBUG|Action 'ApiService.Controllers.StudentController.Delete (ApiService)' with id 'f583ef1e-03ca-4a2a-b57a-a916cf2ff90e' did not match the constraint 'Microsoft.AspNetCore.Mvc.Internal.HttpMethodActionConstraint' 
2016-09-08 21:58:55.8470|Microsoft.AspNetCore.Mvc.Internal.MvcAttributeRouteHandler|DEBUG|No actions matched the current request 
2016-09-08 21:58:55.8565|Microsoft.AspNetCore.Routing.RouteBase|DEBUG|Request successfully matched the route with name 'default' and template 'api/{controller}/{action}/{id?}'. 
2016-09-08 21:58:55.9220|Microsoft.AspNetCore.Mvc.Internal.MvcRouteHandler|DEBUG|No actions matched the current request 
2016-09-08 21:58:55.9220|Microsoft.AspNetCore.Builder.RouterMiddleware|DEBUG|Request did not match any routes. 
2016-09-08 21:58:55.9475|Microsoft.AspNetCore.Hosting.Internal.WebHost|INFO|Request finished in 166.3292ms 404  
2016-09-08 21:58:55.9590|Microsoft.AspNetCore.Server.Kestrel|DEBUG|Connection id "0HKUNTVKAK08T" completed keep alive response. 
2016-09-08 21:59:01.9079|Microsoft.AspNetCore.Hosting.Internal.WebHost|INFO|Request starting HTTP/1.1 POST http://localhost:5000/api/Student/  0 
2016-09-08 21:59:01.9079|Microsoft.AspNetCore.Routing.Tree.TreeRouter|DEBUG|Request successfully matched the route with name '' and template 'api/Student'. 
2016-09-08 21:59:01.9299|Microsoft.AspNetCore.Mvc.Internal.ActionSelector|DEBUG|Action 'ApiService.Controllers.StudentController.Get (ApiService)' with id '10b738a9-2762-4962-ab4a-a512b481f8a6' did not match the constraint 'Microsoft.AspNetCore.Mvc.Internal.HttpMethodActionConstraint' 
2016-09-08 21:59:01.9414|Microsoft.AspNetCore.Mvc.Internal.ControllerActionInvoker|DEBUG|Executing action ApiService.Controllers.StudentController.Post (ApiService) 
2016-09-08 21:59:01.9549|Microsoft.AspNetCore.Mvc.Internal.ControllerActionInvoker|DEBUG|Request was short circuited at action filter 'Microsoft.AspNetCore.Mvc.ModelBinding.UnsupportedContentTypeFilter'. 
2016-09-08 21:59:01.9669|Microsoft.AspNetCore.Mvc.StatusCodeResult|INFO|Executing HttpStatusCodeResult, setting HTTP status code 415 
2016-09-08 21:59:01.9669|Microsoft.AspNetCore.Mvc.Internal.ControllerActionInvoker|INFO|Executed action ApiService.Controllers.StudentController.Post (ApiService) in 23.3453ms 
2016-09-08 21:59:01.9949|Microsoft.AspNetCore.Hosting.Internal.WebHost|INFO|Request finished in 89.1679ms 415  
2016-09-08 21:59:02.0074|Microsoft.AspNetCore.Server.Kestrel|DEBUG|Connection id "0HKUNTVKAK08T" completed keep alive response. 
2016-09-08 21:59:25.5415|Microsoft.AspNetCore.Hosting.Internal.WebHost|INFO|Request starting HTTP/1.1 GET http://localhost:5000/api/Student/1  0 
2016-09-08 21:59:25.5526|Microsoft.AspNetCore.Routing.Tree.TreeRouter|DEBUG|Request successfully matched the route with name '' and template 'api/Student/{id}'. 
2016-09-08 21:59:25.5611|Microsoft.AspNetCore.Mvc.Internal.ActionSelector|DEBUG|Action 'ApiService.Controllers.StudentController.Put (ApiService)' with id '5fa99415-1dcd-4413-b016-71e5a9becb7e' did not match the constraint 'Microsoft.AspNetCore.Mvc.Internal.HttpMethodActionConstraint' 
2016-09-08 21:59:25.5611|Microsoft.AspNetCore.Mvc.Internal.ActionSelector|DEBUG|Action 'ApiService.Controllers.StudentController.Delete (ApiService)' with id 'f583ef1e-03ca-4a2a-b57a-a916cf2ff90e' did not match the constraint 'Microsoft.AspNetCore.Mvc.Internal.HttpMethodActionConstraint' 
2016-09-08 21:59:25.5816|Microsoft.AspNetCore.Mvc.Internal.ControllerActionInvoker|DEBUG|Executing action ApiService.Controllers.StudentController.Get (ApiService) 
2016-09-08 21:59:25.5966|Microsoft.AspNetCore.Mvc.Internal.ControllerActionInvoker|INFO|Executing action method ApiService.Controllers.StudentController.Get (ApiService) with arguments (1) - ModelState is Valid 
2016-09-08 21:59:30.4190|Microsoft.AspNetCore.Mvc.Internal.ControllerActionInvoker|DEBUG|Executed action method ApiService.Controllers.StudentController.Get (ApiService), returned result Microsoft.AspNetCore.Mvc.ObjectResult. 
2016-09-08 21:59:30.4190|Microsoft.AspNetCore.Mvc.Internal.ObjectResultExecutor|DEBUG|No information found on request to perform content negotiation. 
2016-09-08 21:59:30.4475|Microsoft.AspNetCore.Mvc.Internal.ObjectResultExecutor|DEBUG|Selected output formatter 'Microsoft.AspNetCore.Mvc.Formatters.HttpNoContentOutputFormatter' and content type '' to write the response. 
2016-09-08 21:59:30.4621|Microsoft.AspNetCore.Mvc.Internal.ObjectResultExecutor|INFO|Executing ObjectResult, writing value Microsoft.AspNetCore.Mvc.ControllerContext. 
2016-09-08 21:59:30.4801|Microsoft.AspNetCore.Mvc.Internal.ControllerActionInvoker|INFO|Executed action ApiService.Controllers.StudentController.Get (ApiService) in 4885.249ms 
2016-09-08 21:59:30.4991|Microsoft.AspNetCore.Hosting.Internal.WebHost|INFO|Request finished in 4955.191ms 204  
2016-09-08 21:59:30.4991|Microsoft.AspNetCore.Server.Kestrel|DEBUG|Connection id "0HKUNTVKAK08T" completed keep alive response. 
2016-09-08 21:59:39.5643|Microsoft.AspNetCore.Hosting.Internal.WebHost|INFO|Request starting HTTP/1.1 POST http://localhost:5000/api/Student/  0 
2016-09-08 21:59:39.5773|Microsoft.AspNetCore.Routing.Tree.TreeRouter|DEBUG|Request successfully matched the route with name '' and template 'api/Student'. 
2016-09-08 21:59:39.5918|Microsoft.AspNetCore.Mvc.Internal.ActionSelector|DEBUG|Action 'ApiService.Controllers.StudentController.Get (ApiService)' with id '10b738a9-2762-4962-ab4a-a512b481f8a6' did not match the constraint 'Microsoft.AspNetCore.Mvc.Internal.HttpMethodActionConstraint' 
2016-09-08 21:59:39.5918|Microsoft.AspNetCore.Mvc.Internal.ControllerActionInvoker|DEBUG|Executing action ApiService.Controllers.StudentController.Post (ApiService) 
2016-09-08 21:59:39.6183|Microsoft.AspNetCore.Mvc.Internal.ControllerActionInvoker|DEBUG|Request was short circuited at action filter 'Microsoft.AspNetCore.Mvc.ModelBinding.UnsupportedContentTypeFilter'. 
2016-09-08 21:59:39.6353|Microsoft.AspNetCore.Mvc.StatusCodeResult|INFO|Executing HttpStatusCodeResult, setting HTTP status code 415 
2016-09-08 21:59:39.6543|Microsoft.AspNetCore.Mvc.Internal.ControllerActionInvoker|INFO|Executed action ApiService.Controllers.StudentController.Post (ApiService) in 32.7108ms 
2016-09-08 21:59:39.6718|Microsoft.AspNetCore.Hosting.Internal.WebHost|INFO|Request finished in 110.0058ms 415  
2016-09-08 21:59:39.6858|Microsoft.AspNetCore.Server.Kestrel|DEBUG|Connection id "0HKUNTVKAK08T" completed keep alive response. 
2016-09-08 22:01:48.9768|Microsoft.AspNetCore.Server.Kestrel|DEBUG|Connection id "0HKUNTVKAK08T" received FIN. 
2016-09-08 22:01:48.9877|Microsoft.AspNetCore.Server.Kestrel|DEBUG|Connection id "0HKUNTVKAK08T" disconnecting. 
2016-09-08 22:01:49.0002|Microsoft.AspNetCore.Server.Kestrel|DEBUG|Connection id "0HKUNTVKAK08T" sending FIN. 
2016-09-08 22:01:49.0002|Microsoft.AspNetCore.Server.Kestrel|DEBUG|Connection id "0HKUNTVKAK08T" sent FIN with status "0". 
2016-09-08 22:01:49.0278|Microsoft.AspNetCore.Server.Kestrel|DEBUG|Connection id "0HKUNTVKAK08T" stopped. 
2016-09-08 22:05:01.9638|Microsoft.AspNetCore.Hosting.Internal.WebHost|DEBUG|Hosting starting 
2016-09-08 22:05:02.3914|Microsoft.AspNetCore.Server.Kestrel|DEBUG|Connection id "0HKUNU4G9QLON" started. 
2016-09-08 22:05:02.4669|Microsoft.AspNetCore.Server.Kestrel|DEBUG|Connection id "0HKUNU4G9QLOO" started. 
2016-09-08 22:05:02.4669|Microsoft.AspNetCore.Hosting.Internal.WebHost|DEBUG|Hosting started 
2016-09-08 22:05:02.7279|Microsoft.AspNetCore.Hosting.Internal.WebHost|INFO|Request starting HTTP/1.1 DEBUG http://localhost:5000/api/  0 
2016-09-08 22:05:02.7279|Microsoft.AspNetCore.Hosting.Internal.WebHost|INFO|Request starting HTTP/1.1 GET http://localhost:5000/api/   
2016-09-08 22:05:02.8800|Microsoft.AspNetCore.Hosting.Internal.WebHost|INFO|Request finished in 216.428ms 200  
2016-09-08 22:05:03.0630|Microsoft.AspNetCore.Server.Kestrel|DEBUG|Connection id "0HKUNU4G9QLON" completed keep alive response. 
2016-09-08 22:05:03.4400|Microsoft.AspNetCore.Builder.RouterMiddleware|DEBUG|Request did not match any routes. 
2016-09-08 22:05:03.4555|Microsoft.AspNetCore.Hosting.Internal.WebHost|INFO|Request finished in 813.5882ms 404  
2016-09-08 22:05:03.4675|Microsoft.AspNetCore.Server.Kestrel|DEBUG|Connection id "0HKUNU4G9QLOO" completed keep alive response. 
2016-09-08 22:05:45.6962|Microsoft.AspNetCore.Hosting.Internal.WebHost|DEBUG|Hosting starting 
2016-09-08 22:05:46.0893|Microsoft.AspNetCore.Hosting.Internal.WebHost|DEBUG|Hosting started 
2016-09-08 22:05:46.3013|Microsoft.AspNetCore.Server.Kestrel|DEBUG|Connection id "0HKUNU4TCK97L" started. 
2016-09-08 22:05:46.3013|Microsoft.AspNetCore.Server.Kestrel|DEBUG|Connection id "0HKUNU4TCK97K" started. 
2016-09-08 22:05:46.6743|Microsoft.AspNetCore.Hosting.Internal.WebHost|INFO|Request starting HTTP/1.1 DEBUG http://localhost:5000/api/  0 
2016-09-08 22:05:46.6743|Microsoft.AspNetCore.Hosting.Internal.WebHost|INFO|Request starting HTTP/1.1 GET http://localhost:5000/api/   
2016-09-08 22:05:46.8319|Microsoft.AspNetCore.Hosting.Internal.WebHost|INFO|Request finished in 215.402ms 200  
2016-09-08 22:05:47.0134|Microsoft.AspNetCore.Server.Kestrel|DEBUG|Connection id "0HKUNU4TCK97K" completed keep alive response. 
2016-09-08 22:05:47.4754|Microsoft.AspNetCore.Builder.RouterMiddleware|DEBUG|Request did not match any routes. 
2016-09-08 22:05:47.4924|Microsoft.AspNetCore.Hosting.Internal.WebHost|INFO|Request finished in 892.8384ms 404  
2016-09-08 22:05:47.5044|Microsoft.AspNetCore.Server.Kestrel|DEBUG|Connection id "0HKUNU4TCK97L" completed keep alive response. 
2016-09-08 22:06:21.1307|Microsoft.AspNetCore.Hosting.Internal.WebHost|INFO|Request starting HTTP/1.1 POST http://localhost:5000/api/Student/ application/json; charset=UTF-8" 0 
2016-09-08 22:06:21.1453|Microsoft.AspNetCore.Routing.Tree.TreeRouter|DEBUG|Request successfully matched the route with name '' and template 'api/Student'. 
2016-09-08 22:06:21.2027|Microsoft.AspNetCore.Mvc.Internal.ActionSelector|DEBUG|Action 'ApiService.Controllers.StudentController.Get (ApiService)' with id '1347028e-6dcf-4716-87f4-2b6c0f04aeac' did not match the constraint 'Microsoft.AspNetCore.Mvc.Internal.HttpMethodActionConstraint' 
2016-09-08 22:06:21.3357|Microsoft.AspNetCore.Mvc.Internal.ControllerActionInvoker|DEBUG|Executing action ApiService.Controllers.StudentController.Post (ApiService) 
2016-09-08 22:06:21.6508|Microsoft.AspNetCore.Mvc.Internal.ControllerActionInvoker|INFO|Executing action method ApiService.Controllers.StudentController.Post (ApiService) with arguments () - ModelState is Valid 
2016-09-08 22:06:39.9791|ApiService.Filters.LogErrorFilter|INFO|在执行 controller[Student] 的 action[Post] 时产生异常,Error[Object reference not set to an instance of an object.] 
2016-09-08 22:06:40.0587|Microsoft.AspNetCore.Server.Kestrel|ERROR|Connection id "0HKUNU4TCK97K": An unhandled exception was thrown by the application. Object reference not set to an instance of an object.
2016-09-08 22:06:40.0832|Microsoft.AspNetCore.Hosting.Internal.WebHost|INFO|Request finished in 18951.575ms 200  
2016-09-08 22:06:40.0922|Microsoft.AspNetCore.Server.Kestrel|DEBUG|Connection id "0HKUNU4TCK97K" completed keep alive response. 
2016-09-08 22:07:11.8433|Microsoft.AspNetCore.Server.Kestrel|DEBUG|Connection id "0HKUNU4TCK97L" received FIN. 
2016-09-08 22:07:11.8433|Microsoft.AspNetCore.Hosting.Internal.WebHost|INFO|Request starting HTTP/1.1 POST http://localhost:5000/api/Student/ application/json; charset=UTF-8" 45 
2016-09-08 22:07:11.8433|Microsoft.AspNetCore.Server.Kestrel|DEBUG|Connection id "0HKUNU4TCK97L" disconnecting. 
2016-09-08 22:07:11.8593|Microsoft.AspNetCore.Routing.Tree.TreeRouter|DEBUG|Request successfully matched the route with name '' and template 'api/Student'. 
2016-09-08 22:07:11.8748|Microsoft.AspNetCore.Server.Kestrel|DEBUG|Connection id "0HKUNU4TCK97L" sending FIN. 
2016-09-08 22:07:11.8748|Microsoft.AspNetCore.Mvc.Internal.ActionSelector|DEBUG|Action 'ApiService.Controllers.StudentController.Get (ApiService)' with id '1347028e-6dcf-4716-87f4-2b6c0f04aeac' did not match the constraint 'Microsoft.AspNetCore.Mvc.Internal.HttpMethodActionConstraint' 
2016-09-08 22:07:11.8978|Microsoft.AspNetCore.Mvc.Internal.ControllerActionInvoker|DEBUG|Executing action ApiService.Controllers.StudentController.Post (ApiService) 
2016-09-08 22:07:11.8978|Microsoft.AspNetCore.Server.Kestrel|DEBUG|Connection id "0HKUNU4TCK97L" sent FIN with status "0". 
2016-09-08 22:07:11.9233|Microsoft.AspNetCore.Server.Kestrel|DEBUG|Connection id "0HKUNU4TCK97L" stopped. 
2016-09-08 22:07:12.3789|Microsoft.AspNetCore.Mvc.Internal.ControllerActionInvoker|INFO|Executing action method ApiService.Controllers.StudentController.Post (ApiService) with arguments (Api.Dto.StudentDto) - ModelState is Valid 
2016-09-08 22:07:48.2431|ApiService.Filters.LogErrorFilter|INFO|在执行 controller[Student] 的 action[Post] 时产生异常,Error[Unable to cast object of type 'System.String' to type 'System.Int32'.] 
2016-09-08 22:07:48.2806|Microsoft.AspNetCore.Server.Kestrel|ERROR|Connection id "0HKUNU4TCK97K": An unhandled exception was thrown by the application. Unable to cast object of type 'System.String' to type 'System.Int32'.
2016-09-08 22:07:48.2806|Microsoft.AspNetCore.Hosting.Internal.WebHost|INFO|Request finished in 36452.5501ms 200  
2016-09-08 22:07:48.3027|Microsoft.AspNetCore.Server.Kestrel|DEBUG|Connection id "0HKUNU4TCK97K" completed keep alive response. 
2016-09-08 22:12:32.2593|Microsoft.AspNetCore.Hosting.Internal.WebHost|DEBUG|Hosting starting 
2016-09-08 22:12:32.5974|Microsoft.AspNetCore.Hosting.Internal.WebHost|DEBUG|Hosting started 
2016-09-08 22:12:32.6844|Microsoft.AspNetCore.Server.Kestrel|DEBUG|Connection id "0HKUNU8MG6S2I" started. 
2016-09-08 22:12:32.6844|Microsoft.AspNetCore.Server.Kestrel|DEBUG|Connection id "0HKUNU8MG6S2J" started. 
2016-09-08 22:12:32.9579|Microsoft.AspNetCore.Hosting.Internal.WebHost|INFO|Request starting HTTP/1.1 GET http://localhost:5000/api/   
2016-09-08 22:12:32.9579|Microsoft.AspNetCore.Hosting.Internal.WebHost|INFO|Request starting HTTP/1.1 DEBUG http://localhost:5000/api/  0 
2016-09-08 22:12:33.1115|Microsoft.AspNetCore.Hosting.Internal.WebHost|INFO|Request finished in 192.6761ms 200  
2016-09-08 22:12:33.3010|Microsoft.AspNetCore.Server.Kestrel|DEBUG|Connection id "0HKUNU8MG6S2I" completed keep alive response. 
2016-09-08 22:12:33.6665|Microsoft.AspNetCore.Builder.RouterMiddleware|DEBUG|Request did not match any routes. 
2016-09-08 22:12:33.6810|Microsoft.AspNetCore.Hosting.Internal.WebHost|INFO|Request finished in 782.3499ms 404  
2016-09-08 22:12:33.6965|Microsoft.AspNetCore.Server.Kestrel|DEBUG|Connection id "0HKUNU8MG6S2J" completed keep alive response. 
2016-09-08 22:12:56.0776|Microsoft.AspNetCore.Hosting.Internal.WebHost|INFO|Request starting HTTP/1.1 GET http://localhost:5000/api/Student/list application/json; charset=UTF-8" 0 
2016-09-08 22:12:56.0976|Microsoft.AspNetCore.Routing.Tree.TreeRouter|DEBUG|Request successfully matched the route with name '' and template 'api/Student/list'. 
2016-09-08 22:12:56.2716|Microsoft.AspNetCore.Mvc.Internal.ControllerActionInvoker|DEBUG|Executing action ApiService.Controllers.StudentController.GetList (ApiService) 
2016-09-08 22:12:56.4552|Microsoft.AspNetCore.Mvc.Internal.ControllerActionInvoker|INFO|Executing action method ApiService.Controllers.StudentController.GetList (ApiService) with arguments () - ModelState is Valid 
2016-09-08 22:13:00.1917|Microsoft.AspNetCore.Mvc.Internal.ControllerActionInvoker|DEBUG|Executed action method ApiService.Controllers.StudentController.GetList (ApiService), returned result Microsoft.AspNetCore.Mvc.ObjectResult. 
2016-09-08 22:13:00.2532|Microsoft.AspNetCore.Mvc.Internal.ObjectResultExecutor|DEBUG|No information found on request to perform content negotiation. 
2016-09-08 22:13:00.2837|Microsoft.AspNetCore.Mvc.Internal.ObjectResultExecutor|DEBUG|Selected output formatter 'Microsoft.AspNetCore.Mvc.Formatters.JsonOutputFormatter' and content type 'application/json' to write the response. 
2016-09-08 22:13:00.2972|Microsoft.AspNetCore.Mvc.Internal.ObjectResultExecutor|INFO|Executing ObjectResult, writing value Microsoft.AspNetCore.Mvc.ControllerContext. 
2016-09-08 22:13:00.8188|Microsoft.AspNetCore.Mvc.Internal.ControllerActionInvoker|INFO|Executed action ApiService.Controllers.StudentController.GetList (ApiService) in 4533.1041ms 
2016-09-08 22:13:00.8368|Microsoft.AspNetCore.Hosting.Internal.WebHost|INFO|Request finished in 4759.4822ms 200 application/json; charset=utf-8 
2016-09-08 22:13:00.8503|Microsoft.AspNetCore.Server.Kestrel|DEBUG|Connection id "0HKUNU8MG6S2I" completed keep alive response. 
